
====== START ORIO ======

----- begin reading the source file: axpy5.c -----
----- finished reading the source file -----

----- begin parsing annotations -----
----- finished parsing annotations -----

----- begin optimizations -----
Search_Space         = 4.000e+01
Number_of_Parameters = 02
Numeric_Parameters   = 02
Binary_Parameters    = 00
['UF', 'CFLAGS']
[[1, 2, 3, 4, 5, 6, 7, 8, 9, 10], ['-O0', '-O1', '-O2', '-O3']]

----- begin empirical tuning for problem size -----
 N = 1000000

----- begin exhaustive search -----
Code stats:
        Number of loops: 	1
        Max loop nest depth: 	1
        Additions: 		7
        Multiplications: 	5
        Divisions: 		0
        Logical: 		0
        Reads: 			24
        Writes: 		3
        Comparisons:		1
        Gotos: 			0
        
 building the original code:
	gcc  -DORIO_REPS=5 -DORIGINAL -o __orio_perftest_original.exe __orio_perftest1.c timer_cpu.o 
 building test:
	gcc  -DORIO_REPS=5 -o __orio_perftest1.exe __orio_perftest1.c timer_cpu.o 
 running test:
	 ./__orio_perftest1.exe  
coordinate: [0, 0], average cost: 0.006874395, all costs: [0.00695838, 0.00698718, 0.00689501, 0.00681816, 0.00679723], average transfer time: inf
>>>> best coordinate found: [0, 0], average cost: 6.874395e-03, average transfer time: inf
Code stats:
        Number of loops: 	2
        Max loop nest depth: 	1
        Additions: 		29
        Multiplications: 	15
        Divisions: 		0
        Logical: 		0
        Reads: 			69
        Writes: 		7
        Comparisons:		2
        Gotos: 			0
        
 building test:
	gcc  -DORIO_REPS=5 -o __orio_perftest2.exe __orio_perftest2.c timer_cpu.o 
 running test:
	 ./__orio_perftest2.exe  
coordinate: [1, 0], average cost: 0.0073204525, all costs: [0.00740653, 0.00742441, 0.00732687, 0.00729023, 0.0072403], average transfer time: inf
Code stats:
        Number of loops: 	2
        Max loop nest depth: 	1
        Additions: 		41
        Multiplications: 	20
        Divisions: 		0
        Logical: 		0
        Reads: 			88
        Writes: 		8
        Comparisons:		2
        Gotos: 			0
        
 building test:
	gcc  -DORIO_REPS=5 -o __orio_perftest3.exe __orio_perftest3.c timer_cpu.o 
 running test:
	 ./__orio_perftest3.exe  
coordinate: [2, 0], average cost: 0.006088985, all costs: [0.00621925, 0.00615061, 0.00608341, 0.00607417, 0.00604775], average transfer time: inf
>>>> best coordinate found: [2, 0], average cost: 6.088985e-03, average transfer time: inf
Code stats:
        Number of loops: 	2
        Max loop nest depth: 	1
        Additions: 		53
        Multiplications: 	25
        Divisions: 		0
        Logical: 		0
        Reads: 			107
        Writes: 		9
        Comparisons:		2
        Gotos: 			0
        
 building test:
	gcc  -DORIO_REPS=5 -o __orio_perftest4.exe __orio_perftest4.c timer_cpu.o 
 running test:
	 ./__orio_perftest4.exe  
coordinate: [3, 0], average cost: 0.0059429725, all costs: [0.00589412, 0.00599575, 0.00596142, 0.00594857, 0.00586615], average transfer time: inf
>>>> best coordinate found: [3, 0], average cost: 5.942973e-03, average transfer time: inf
Code stats:
        Number of loops: 	2
        Max loop nest depth: 	1
        Additions: 		65
        Multiplications: 	30
        Divisions: 		0
        Logical: 		0
        Reads: 			126
        Writes: 		10
        Comparisons:		2
        Gotos: 			0
        
 building test:
	gcc  -DORIO_REPS=5 -o __orio_perftest5.exe __orio_perftest5.c timer_cpu.o 
 running test:
	 ./__orio_perftest5.exe  
coordinate: [4, 0], average cost: 0.0074521875, all costs: [0.0078135, 0.00765428, 0.00745839, 0.00739956, 0.00729652], average transfer time: inf
Code stats:
        Number of loops: 	2
        Max loop nest depth: 	1
        Additions: 		77
        Multiplications: 	35
        Divisions: 		0
        Logical: 		0
        Reads: 			145
        Writes: 		11
        Comparisons:		2
        Gotos: 			0
        
 building test:
	gcc  -DORIO_REPS=5 -o __orio_perftest6.exe __orio_perftest6.c timer_cpu.o 
 running test:
	 ./__orio_perftest6.exe  
coordinate: [5, 0], average cost: 0.006056325, all costs: [0.00617711, 0.00614419, 0.0061005, 0.00601759, 0.00596302], average transfer time: inf
Code stats:
        Number of loops: 	2
        Max loop nest depth: 	1
        Additions: 		89
        Multiplications: 	40
        Divisions: 		0
        Logical: 		0
        Reads: 			164
        Writes: 		12
        Comparisons:		2
        Gotos: 			0
        
 building test:
	gcc  -DORIO_REPS=5 -o __orio_perftest7.exe __orio_perftest7.c timer_cpu.o 
 running test:
	 ./__orio_perftest7.exe  
coordinate: [6, 0], average cost: 0.0060469925, all costs: [0.00596147, 0.0060714, 0.0060452, 0.00605952, 0.00601185], average transfer time: inf
Code stats:
        Number of loops: 	2
        Max loop nest depth: 	1
        Additions: 		101
        Multiplications: 	45
        Divisions: 		0
        Logical: 		0
        Reads: 			183
        Writes: 		13
        Comparisons:		2
        Gotos: 			0
        
 building test:
	gcc  -DORIO_REPS=5 -o __orio_perftest8.exe __orio_perftest8.c timer_cpu.o 
 running test:
	 ./__orio_perftest8.exe  
coordinate: [7, 0], average cost: 0.0064296175, all costs: [0.00640665, 0.00645364, 0.00647976, 0.00641623, 0.00636884], average transfer time: inf
Code stats:
        Number of loops: 	2
        Max loop nest depth: 	1
        Additions: 		113
        Multiplications: 	50
        Divisions: 		0
        Logical: 		0
        Reads: 			202
        Writes: 		14
        Comparisons:		2
        Gotos: 			0
        
 building test:
	gcc  -DORIO_REPS=5 -o __orio_perftest9.exe __orio_perftest9.c timer_cpu.o 
 running test:
	 ./__orio_perftest9.exe  
coordinate: [8, 0], average cost: 0.0060981875, all costs: [0.00604671, 0.00610035, 0.0060928, 0.00609339, 0.00610621], average transfer time: inf
Code stats:
        Number of loops: 	2
        Max loop nest depth: 	1
        Additions: 		125
        Multiplications: 	55
        Divisions: 		0
        Logical: 		0
        Reads: 			221
        Writes: 		15
        Comparisons:		2
        Gotos: 			0
        
 building test:
	gcc  -DORIO_REPS=5 -o __orio_perftest10.exe __orio_perftest10.c timer_cpu.o 
 running test:
	 ./__orio_perftest10.exe  
coordinate: [9, 0], average cost: 0.0065859225, all costs: [0.00642544, 0.00661059, 0.00663136, 0.00657372, 0.00652802], average transfer time: inf
Code stats:
        Number of loops: 	1
        Max loop nest depth: 	1
        Additions: 		7
        Multiplications: 	5
        Divisions: 		0
        Logical: 		0
        Reads: 			24
        Writes: 		3
        Comparisons:		1
        Gotos: 			0
        
 building test:
	gcc  -DORIO_REPS=5 -o __orio_perftest11.exe __orio_perftest11.c timer_cpu.o 
 running test:
	 ./__orio_perftest11.exe  
coordinate: [0, 1], average cost: 0.00736069, all costs: [0.00763137, 0.00744746, 0.00736879, 0.00738327, 0.00724324], average transfer time: inf
Code stats:
        Number of loops: 	2
        Max loop nest depth: 	1
        Additions: 		29
        Multiplications: 	15
        Divisions: 		0
        Logical: 		0
        Reads: 			69
        Writes: 		7
        Comparisons:		2
        Gotos: 			0
        
 building test:
	gcc  -DORIO_REPS=5 -o __orio_perftest12.exe __orio_perftest12.c timer_cpu.o 
 running test:
	 ./__orio_perftest12.exe  
coordinate: [1, 1], average cost: 0.0059070375, all costs: [0.00584081, 0.00597261, 0.00589633, 0.00590373, 0.00585548], average transfer time: inf
>>>> best coordinate found: [1, 1], average cost: 5.907038e-03, average transfer time: inf
Code stats:
        Number of loops: 	2
        Max loop nest depth: 	1
        Additions: 		41
        Multiplications: 	20
        Divisions: 		0
        Logical: 		0
        Reads: 			88
        Writes: 		8
        Comparisons:		2
        Gotos: 			0
        
 building test:
	gcc  -DORIO_REPS=5 -o __orio_perftest13.exe __orio_perftest13.c timer_cpu.o 
 running test:
	 ./__orio_perftest13.exe  
coordinate: [2, 1], average cost: 0.00658353, all costs: [0.00652693, 0.00659369, 0.00657393, 0.00658032, 0.00658618], average transfer time: inf
Code stats:
        Number of loops: 	2
        Max loop nest depth: 	1
        Additions: 		53
        Multiplications: 	25
        Divisions: 		0
        Logical: 		0
        Reads: 			107
        Writes: 		9
        Comparisons:		2
        Gotos: 			0
        
 building test:
	gcc  -DORIO_REPS=5 -o __orio_perftest14.exe __orio_perftest14.c timer_cpu.o 
 running test:
	 ./__orio_perftest14.exe  
coordinate: [3, 1], average cost: 0.00663866, all costs: [0.00650245, 0.00668522, 0.00667408, 0.0066071, 0.00658824], average transfer time: inf
Code stats:
        Number of loops: 	2
        Max loop nest depth: 	1
        Additions: 		65
        Multiplications: 	30
        Divisions: 		0
        Logical: 		0
        Reads: 			126
        Writes: 		10
        Comparisons:		2
        Gotos: 			0
        
 building test:
	gcc  -DORIO_REPS=5 -o __orio_perftest15.exe __orio_perftest15.c timer_cpu.o 
 running test:
	 ./__orio_perftest15.exe  
coordinate: [4, 1], average cost: 0.0070472425, all costs: [0.00726705, 0.007235, 0.00704502, 0.00696882, 0.00694013], average transfer time: inf
Code stats:
        Number of loops: 	2
        Max loop nest depth: 	1
        Additions: 		77
        Multiplications: 	35
        Divisions: 		0
        Logical: 		0
        Reads: 			145
        Writes: 		11
        Comparisons:		2
        Gotos: 			0
        
 building test:
	gcc  -DORIO_REPS=5 -o __orio_perftest16.exe __orio_perftest16.c timer_cpu.o 
 running test:
	 ./__orio_perftest16.exe  
coordinate: [5, 1], average cost: 0.0061468725, all costs: [0.00650243, 0.0065585, 0.00627975, 0.00589304, 0.0058562], average transfer time: inf
Code stats:
        Number of loops: 	2
        Max loop nest depth: 	1
        Additions: 		89
        Multiplications: 	40
        Divisions: 		0
        Logical: 		0
        Reads: 			164
        Writes: 		12
        Comparisons:		2
        Gotos: 			0
        
 building test:
	gcc  -DORIO_REPS=5 -o __orio_perftest17.exe __orio_perftest17.c timer_cpu.o 
 running test:
	 ./__orio_perftest17.exe  
coordinate: [6, 1], average cost: 0.0061741825, all costs: [0.00618898, 0.00623508, 0.00616028, 0.00621431, 0.00608706], average transfer time: inf
Code stats:
        Number of loops: 	2
        Max loop nest depth: 	1
        Additions: 		101
        Multiplications: 	45
        Divisions: 		0
        Logical: 		0
        Reads: 			183
        Writes: 		13
        Comparisons:		2
        Gotos: 			0
        
 building test:
	gcc  -DORIO_REPS=5 -o __orio_perftest18.exe __orio_perftest18.c timer_cpu.o 
 running test:
	 ./__orio_perftest18.exe  
coordinate: [7, 1], average cost: 0.0059282975, all costs: [0.00603229, 0.00596457, 0.0059459, 0.00592279, 0.00587993], average transfer time: inf
Code stats:
        Number of loops: 	2
        Max loop nest depth: 	1
        Additions: 		113
        Multiplications: 	50
        Divisions: 		0
        Logical: 		0
        Reads: 			202
        Writes: 		14
        Comparisons:		2
        Gotos: 			0
        
 building test:
	gcc  -DORIO_REPS=5 -o __orio_perftest19.exe __orio_perftest19.c timer_cpu.o 
 running test:
	 ./__orio_perftest19.exe  
coordinate: [8, 1], average cost: 0.006076875, all costs: [0.0060299, 0.00610088, 0.00602102, 0.00613081, 0.00605479], average transfer time: inf
Code stats:
        Number of loops: 	2
        Max loop nest depth: 	1
        Additions: 		125
        Multiplications: 	55
        Divisions: 		0
        Logical: 		0
        Reads: 			221
        Writes: 		15
        Comparisons:		2
        Gotos: 			0
        
 building test:
	gcc  -DORIO_REPS=5 -o __orio_perftest20.exe __orio_perftest20.c timer_cpu.o 
 running test:
	 ./__orio_perftest20.exe  
coordinate: [9, 1], average cost: 0.0065794425, all costs: [0.00661452, 0.00663418, 0.00661604, 0.0065555, 0.00651205], average transfer time: inf
Code stats:
        Number of loops: 	1
        Max loop nest depth: 	1
        Additions: 		7
        Multiplications: 	5
        Divisions: 		0
        Logical: 		0
        Reads: 			24
        Writes: 		3
        Comparisons:		1
        Gotos: 			0
        
 building test:
	gcc  -DORIO_REPS=5 -o __orio_perftest21.exe __orio_perftest21.c timer_cpu.o 
 running test:
	 ./__orio_perftest21.exe  
coordinate: [0, 2], average cost: 0.005503395, all costs: [0.00554652, 0.00551313, 0.00555888, 0.00547594, 0.00546563], average transfer time: inf
>>>> best coordinate found: [0, 2], average cost: 5.503395e-03, average transfer time: inf
Code stats:
        Number of loops: 	2
        Max loop nest depth: 	1
        Additions: 		29
        Multiplications: 	15
        Divisions: 		0
        Logical: 		0
        Reads: 			69
        Writes: 		7
        Comparisons:		2
        Gotos: 			0
        
 building test:
	gcc  -DORIO_REPS=5 -o __orio_perftest22.exe __orio_perftest22.c timer_cpu.o 
 running test:
	 ./__orio_perftest22.exe  
coordinate: [1, 2], average cost: 0.006413685, all costs: [0.00649935, 0.00643358, 0.00647339, 0.00636195, 0.00638582], average transfer time: inf
Code stats:
        Number of loops: 	2
        Max loop nest depth: 	1
        Additions: 		41
        Multiplications: 	20
        Divisions: 		0
        Logical: 		0
        Reads: 			88
        Writes: 		8
        Comparisons:		2
        Gotos: 			0
        
 building test:
	gcc  -DORIO_REPS=5 -o __orio_perftest23.exe __orio_perftest23.c timer_cpu.o 
 running test:
	 ./__orio_perftest23.exe  
coordinate: [2, 2], average cost: 0.00642444, all costs: [0.0064708, 0.00639127, 0.00641334, 0.00653286, 0.00636029], average transfer time: inf
Code stats:
        Number of loops: 	2
        Max loop nest depth: 	1
        Additions: 		53
        Multiplications: 	25
        Divisions: 		0
        Logical: 		0
        Reads: 			107
        Writes: 		9
        Comparisons:		2
        Gotos: 			0
        
 building test:
	gcc  -DORIO_REPS=5 -o __orio_perftest24.exe __orio_perftest24.c timer_cpu.o 
 running test:
	 ./__orio_perftest24.exe  
coordinate: [3, 2], average cost: 0.00645108, all costs: [0.00642362, 0.00649027, 0.00644706, 0.00642071, 0.00644628], average transfer time: inf
Code stats:
        Number of loops: 	2
        Max loop nest depth: 	1
        Additions: 		65
        Multiplications: 	30
        Divisions: 		0
        Logical: 		0
        Reads: 			126
        Writes: 		10
        Comparisons:		2
        Gotos: 			0
        
 building test:
	gcc  -DORIO_REPS=5 -o __orio_perftest25.exe __orio_perftest25.c timer_cpu.o 
 running test:
	 ./__orio_perftest25.exe  
coordinate: [4, 2], average cost: 0.00653502, all costs: [0.00645826, 0.00655154, 0.00650417, 0.00655174, 0.00653263], average transfer time: inf
Code stats:
        Number of loops: 	2
        Max loop nest depth: 	1
        Additions: 		77
        Multiplications: 	35
        Divisions: 		0
        Logical: 		0
        Reads: 			145
        Writes: 		11
        Comparisons:		2
        Gotos: 			0
        
 building test:
	gcc  -DORIO_REPS=5 -o __orio_perftest26.exe __orio_perftest26.c timer_cpu.o 
 running test:
	 ./__orio_perftest26.exe  
coordinate: [5, 2], average cost: 0.00662323, all costs: [0.00676919, 0.0066429, 0.00659441, 0.00664481, 0.0066108], average transfer time: inf
Code stats:
        Number of loops: 	2
        Max loop nest depth: 	1
        Additions: 		89
        Multiplications: 	40
        Divisions: 		0
        Logical: 		0
        Reads: 			164
        Writes: 		12
        Comparisons:		2
        Gotos: 			0
        
 building test:
	gcc  -DORIO_REPS=5 -o __orio_perftest27.exe __orio_perftest27.c timer_cpu.o 
 running test:
	 ./__orio_perftest27.exe  
coordinate: [6, 2], average cost: 0.0065608, all costs: [0.00665228, 0.00669452, 0.00652414, 0.0065515, 0.00647304], average transfer time: inf
Code stats:
        Number of loops: 	2
        Max loop nest depth: 	1
        Additions: 		101
        Multiplications: 	45
        Divisions: 		0
        Logical: 		0
        Reads: 			183
        Writes: 		13
        Comparisons:		2
        Gotos: 			0
        
 building test:
	gcc  -DORIO_REPS=5 -o __orio_perftest28.exe __orio_perftest28.c timer_cpu.o 
 running test:
	 ./__orio_perftest28.exe  
coordinate: [7, 2], average cost: 0.0068006825, all costs: [0.00689071, 0.00687114, 0.00681821, 0.00677258, 0.0067408], average transfer time: inf
Code stats:
        Number of loops: 	2
        Max loop nest depth: 	1
        Additions: 		113
        Multiplications: 	50
        Divisions: 		0
        Logical: 		0
        Reads: 			202
        Writes: 		14
        Comparisons:		2
        Gotos: 			0
        
 building test:
	gcc  -DORIO_REPS=5 -o __orio_perftest29.exe __orio_perftest29.c timer_cpu.o 
 running test:
	 ./__orio_perftest29.exe  
coordinate: [8, 2], average cost: 0.006059505, all costs: [0.0060705, 0.00606907, 0.00603807, 0.00603893, 0.00609195], average transfer time: inf
Code stats:
        Number of loops: 	2
        Max loop nest depth: 	1
        Additions: 		125
        Multiplications: 	55
        Divisions: 		0
        Logical: 		0
        Reads: 			221
        Writes: 		15
        Comparisons:		2
        Gotos: 			0
        
 building test:
	gcc  -DORIO_REPS=5 -o __orio_perftest30.exe __orio_perftest30.c timer_cpu.o 
 running test:
	 ./__orio_perftest30.exe  
coordinate: [9, 2], average cost: 0.0068334075, all costs: [0.00697292, 0.00686013, 0.00687472, 0.0068488, 0.00674998], average transfer time: inf
Code stats:
        Number of loops: 	1
        Max loop nest depth: 	1
        Additions: 		7
        Multiplications: 	5
        Divisions: 		0
        Logical: 		0
        Reads: 			24
        Writes: 		3
        Comparisons:		1
        Gotos: 			0
        
 building test:
	gcc  -DORIO_REPS=5 -o __orio_perftest31.exe __orio_perftest31.c timer_cpu.o 
 running test:
	 ./__orio_perftest31.exe  
coordinate: [0, 3], average cost: 0.0056403775, all costs: [0.00558753, 0.00573391, 0.00561508, 0.00566498, 0.00554754], average transfer time: inf
Code stats:
        Number of loops: 	2
        Max loop nest depth: 	1
        Additions: 		29
        Multiplications: 	15
        Divisions: 		0
        Logical: 		0
        Reads: 			69
        Writes: 		7
        Comparisons:		2
        Gotos: 			0
        
 building test:
	gcc  -DORIO_REPS=5 -o __orio_perftest32.exe __orio_perftest32.c timer_cpu.o 
 running test:
	 ./__orio_perftest32.exe  
coordinate: [1, 3], average cost: 0.0065302375, all costs: [0.00660964, 0.00658837, 0.00653914, 0.00653338, 0.00646006], average transfer time: inf
Code stats:
        Number of loops: 	2
        Max loop nest depth: 	1
        Additions: 		41
        Multiplications: 	20
        Divisions: 		0
        Logical: 		0
        Reads: 			88
        Writes: 		8
        Comparisons:		2
        Gotos: 			0
        
 building test:
	gcc  -DORIO_REPS=5 -o __orio_perftest33.exe __orio_perftest33.c timer_cpu.o 
 running test:
	 ./__orio_perftest33.exe  
coordinate: [2, 3], average cost: 0.00637741, all costs: [0.00640876, 0.00646054, 0.00635233, 0.00633157, 0.0063652], average transfer time: inf
Code stats:
        Number of loops: 	2
        Max loop nest depth: 	1
        Additions: 		53
        Multiplications: 	25
        Divisions: 		0
        Logical: 		0
        Reads: 			107
        Writes: 		9
        Comparisons:		2
        Gotos: 			0
        
 building test:
	gcc  -DORIO_REPS=5 -o __orio_perftest34.exe __orio_perftest34.c timer_cpu.o 
 running test:
	 ./__orio_perftest34.exe  
coordinate: [3, 3], average cost: 0.006804095, all costs: [0.00681924, 0.00686477, 0.00682691, 0.00678661, 0.00673809], average transfer time: inf
Code stats:
        Number of loops: 	2
        Max loop nest depth: 	1
        Additions: 		65
        Multiplications: 	30
        Divisions: 		0
        Logical: 		0
        Reads: 			126
        Writes: 		10
        Comparisons:		2
        Gotos: 			0
        
 building test:
	gcc  -DORIO_REPS=5 -o __orio_perftest35.exe __orio_perftest35.c timer_cpu.o 
 running test:
	 ./__orio_perftest35.exe  
coordinate: [4, 3], average cost: 0.00678213, all costs: [0.00685192, 0.00685231, 0.00681555, 0.00674173, 0.00671893], average transfer time: inf
Code stats:
        Number of loops: 	2
        Max loop nest depth: 	1
        Additions: 		77
        Multiplications: 	35
        Divisions: 		0
        Logical: 		0
        Reads: 			145
        Writes: 		11
        Comparisons:		2
        Gotos: 			0
        
 building test:
	gcc  -DORIO_REPS=5 -o __orio_perftest36.exe __orio_perftest36.c timer_cpu.o 
 running test:
	 ./__orio_perftest36.exe  
coordinate: [5, 3], average cost: 0.00674736, all costs: [0.00676583, 0.0068524, 0.00682827, 0.00667646, 0.00663231], average transfer time: inf
Code stats:
        Number of loops: 	2
        Max loop nest depth: 	1
        Additions: 		89
        Multiplications: 	40
        Divisions: 		0
        Logical: 		0
        Reads: 			164
        Writes: 		12
        Comparisons:		2
        Gotos: 			0
        
 building test:
	gcc  -DORIO_REPS=5 -o __orio_perftest37.exe __orio_perftest37.c timer_cpu.o 
 running test:
	 ./__orio_perftest37.exe  
coordinate: [6, 3], average cost: 0.0064687025, all costs: [0.00642625, 0.00645069, 0.00643776, 0.00649076, 0.0064956], average transfer time: inf
Code stats:
        Number of loops: 	2
        Max loop nest depth: 	1
        Additions: 		101
        Multiplications: 	45
        Divisions: 		0
        Logical: 		0
        Reads: 			183
        Writes: 		13
        Comparisons:		2
        Gotos: 			0
        
 building test:
	gcc  -DORIO_REPS=5 -o __orio_perftest38.exe __orio_perftest38.c timer_cpu.o 
 running test:
	 ./__orio_perftest38.exe  
coordinate: [7, 3], average cost: 0.0059749275, all costs: [0.00618769, 0.00606186, 0.00593304, 0.00595007, 0.00595474], average transfer time: inf
Code stats:
        Number of loops: 	2
        Max loop nest depth: 	1
        Additions: 		113
        Multiplications: 	50
        Divisions: 		0
        Logical: 		0
        Reads: 			202
        Writes: 		14
        Comparisons:		2
        Gotos: 			0
        
 building test:
	gcc  -DORIO_REPS=5 -o __orio_perftest39.exe __orio_perftest39.c timer_cpu.o 
 running test:
	 ./__orio_perftest39.exe  
coordinate: [8, 3], average cost: 0.00631542, all costs: [0.00634383, 0.0063653, 0.00634466, 0.00629805, 0.00625367], average transfer time: inf
Code stats:
        Number of loops: 	2
        Max loop nest depth: 	1
        Additions: 		125
        Multiplications: 	55
        Divisions: 		0
        Logical: 		0
        Reads: 			221
        Writes: 		15
        Comparisons:		2
        Gotos: 			0
        
 building test:
	gcc  -DORIO_REPS=5 -o __orio_perftest40.exe __orio_perftest40.c timer_cpu.o 
 running test:
	 ./__orio_perftest40.exe  
coordinate: [9, 3], average cost: 0.0064729925, all costs: [0.00648812, 0.00645915, 0.006528, 0.00647738, 0.00642744], average transfer time: inf
----- end exhaustive search -----
----- begin summary -----
 best coordinate: [0, 2]={'UF': 1, 'CFLAGS': '-O2'}, cost=5.503395e-03, transfer_time=inf, inputs=[('N', 1000000)], search_time=7.42, runs=0
----- end summary -----
----- the obtained best performance parameters -----
 CFLAGS = -O2
 UF = 1
Code stats:
        Number of loops: 	1
        Max loop nest depth: 	1
        Additions: 		7
        Multiplications: 	5
        Divisions: 		0
        Logical: 		0
        Reads: 			24
        Writes: 		3
        Comparisons:		1
        Gotos: 			0
        
----- finish optimizations -----

----- begin writing the output file(s) -----
--> writing output to: _axpy5.c
----- finished writing the output file(s) -----

====== END ORIO ======
