
====== START ORIO ======

----- begin reading the source file: axpy5.c -----
----- finished reading the source file -----

----- begin parsing annotations -----
----- finished parsing annotations -----

----- begin optimizations -----
Search_Space         = 4.000e+01
Number_of_Parameters = 02
Numeric_Parameters   = 02
Binary_Parameters    = 00
['UF', 'CFLAGS']
[[1, 2, 3, 4, 5, 6, 7, 8, 9, 10], ['-O0', '-O1', '-O2', '-O3']]

----- begin empirical tuning for problem size -----
 N = 1000000

----- begin exhaustive search -----
Code stats:
        Number of loops: 	1
        Max loop nest depth: 	1
        Additions: 		7
        Multiplications: 	5
        Divisions: 		0
        Logical: 		0
        Reads: 			24
        Writes: 		3
        Comparisons:		1
        Gotos: 			0
        
 building the original code:
	gcc  -DORIO_REPS=5 -DORIGINAL -o __orio_perftest_original.exe __orio_perftest1.c timer_cpu.o 
 building test:
	gcc  -DORIO_REPS=5 -o __orio_perftest1.exe __orio_perftest1.c timer_cpu.o 
 running test:
	 ./__orio_perftest1.exe  
coordinate: [0, 0], average cost: 0.006008715, all costs: [0.00606512, 0.0060759, 0.00601384, 0.00600555, 0.00593957], average transfer time: inf
>>>> best coordinate found: [0, 0], average cost: 6.008715e-03, average transfer time: inf
Code stats:
        Number of loops: 	2
        Max loop nest depth: 	1
        Additions: 		29
        Multiplications: 	15
        Divisions: 		0
        Logical: 		0
        Reads: 			69
        Writes: 		7
        Comparisons:		2
        Gotos: 			0
        
 building test:
	gcc  -DORIO_REPS=5 -o __orio_perftest2.exe __orio_perftest2.c timer_cpu.o 
 running test:
	 ./__orio_perftest2.exe  
coordinate: [1, 0], average cost: 0.0067817525, all costs: [0.006782, 0.00683697, 0.00681978, 0.00676117, 0.00670909], average transfer time: inf
Code stats:
        Number of loops: 	2
        Max loop nest depth: 	1
        Additions: 		41
        Multiplications: 	20
        Divisions: 		0
        Logical: 		0
        Reads: 			88
        Writes: 		8
        Comparisons:		2
        Gotos: 			0
        
 building test:
	gcc  -DORIO_REPS=5 -o __orio_perftest3.exe __orio_perftest3.c timer_cpu.o 
 running test:
	 ./__orio_perftest3.exe  
coordinate: [2, 0], average cost: 0.007126785, all costs: [0.00744281, 0.00731955, 0.00715576, 0.00703577, 0.00699606], average transfer time: inf
Code stats:
        Number of loops: 	2
        Max loop nest depth: 	1
        Additions: 		53
        Multiplications: 	25
        Divisions: 		0
        Logical: 		0
        Reads: 			107
        Writes: 		9
        Comparisons:		2
        Gotos: 			0
        
 building test:
	gcc  -DORIO_REPS=5 -o __orio_perftest4.exe __orio_perftest4.c timer_cpu.o 
 running test:
	 ./__orio_perftest4.exe  
coordinate: [3, 0], average cost: 0.006931435, all costs: [0.00691313, 0.00695684, 0.00693904, 0.0069266, 0.00690326], average transfer time: inf
Code stats:
        Number of loops: 	2
        Max loop nest depth: 	1
        Additions: 		65
        Multiplications: 	30
        Divisions: 		0
        Logical: 		0
        Reads: 			126
        Writes: 		10
        Comparisons:		2
        Gotos: 			0
        
 building test:
	gcc  -DORIO_REPS=5 -o __orio_perftest5.exe __orio_perftest5.c timer_cpu.o 
 running test:
	 ./__orio_perftest5.exe  
coordinate: [4, 0], average cost: 0.0059130025, all costs: [0.00592331, 0.00596118, 0.00589467, 0.00588112, 0.00591504], average transfer time: inf
>>>> best coordinate found: [4, 0], average cost: 5.913003e-03, average transfer time: inf
Code stats:
        Number of loops: 	2
        Max loop nest depth: 	1
        Additions: 		77
        Multiplications: 	35
        Divisions: 		0
        Logical: 		0
        Reads: 			145
        Writes: 		11
        Comparisons:		2
        Gotos: 			0
        
 building test:
	gcc  -DORIO_REPS=5 -o __orio_perftest6.exe __orio_perftest6.c timer_cpu.o 
 running test:
	 ./__orio_perftest6.exe  
coordinate: [5, 0], average cost: 0.0058840775, all costs: [0.00580694, 0.00592627, 0.00585941, 0.00588917, 0.00586146], average transfer time: inf
>>>> best coordinate found: [5, 0], average cost: 5.884077e-03, average transfer time: inf
Code stats:
        Number of loops: 	2
        Max loop nest depth: 	1
        Additions: 		89
        Multiplications: 	40
        Divisions: 		0
        Logical: 		0
        Reads: 			164
        Writes: 		12
        Comparisons:		2
        Gotos: 			0
        
 building test:
	gcc  -DORIO_REPS=5 -o __orio_perftest7.exe __orio_perftest7.c timer_cpu.o 
 running test:
	 ./__orio_perftest7.exe  
coordinate: [6, 0], average cost: 0.0071139425, all costs: [0.00728196, 0.0072123, 0.00714152, 0.00708367, 0.00701828], average transfer time: inf
Code stats:
        Number of loops: 	2
        Max loop nest depth: 	1
        Additions: 		101
        Multiplications: 	45
        Divisions: 		0
        Logical: 		0
        Reads: 			183
        Writes: 		13
        Comparisons:		2
        Gotos: 			0
        
 building test:
	gcc  -DORIO_REPS=5 -o __orio_perftest8.exe __orio_perftest8.c timer_cpu.o 
 running test:
	 ./__orio_perftest8.exe  
coordinate: [7, 0], average cost: 0.0063561125, all costs: [0.00643539, 0.00643521, 0.00636111, 0.00633744, 0.00629069], average transfer time: inf
Code stats:
        Number of loops: 	2
        Max loop nest depth: 	1
        Additions: 		113
        Multiplications: 	50
        Divisions: 		0
        Logical: 		0
        Reads: 			202
        Writes: 		14
        Comparisons:		2
        Gotos: 			0
        
 building test:
	gcc  -DORIO_REPS=5 -o __orio_perftest9.exe __orio_perftest9.c timer_cpu.o 
 running test:
	 ./__orio_perftest9.exe  
coordinate: [8, 0], average cost: 0.00665789, all costs: [0.00648319, 0.00657042, 0.00661378, 0.00679038, 0.00665698], average transfer time: inf
Code stats:
        Number of loops: 	2
        Max loop nest depth: 	1
        Additions: 		125
        Multiplications: 	55
        Divisions: 		0
        Logical: 		0
        Reads: 			221
        Writes: 		15
        Comparisons:		2
        Gotos: 			0
        
 building test:
	gcc  -DORIO_REPS=5 -o __orio_perftest10.exe __orio_perftest10.c timer_cpu.o 
 running test:
	 ./__orio_perftest10.exe  
coordinate: [9, 0], average cost: 0.00621523, all costs: [0.00620377, 0.00631516, 0.00622863, 0.00614802, 0.00616911], average transfer time: inf
Code stats:
        Number of loops: 	1
        Max loop nest depth: 	1
        Additions: 		7
        Multiplications: 	5
        Divisions: 		0
        Logical: 		0
        Reads: 			24
        Writes: 		3
        Comparisons:		1
        Gotos: 			0
        
 building test:
	gcc  -DORIO_REPS=5 -o __orio_perftest11.exe __orio_perftest11.c timer_cpu.o 
 running test:
	 ./__orio_perftest11.exe  
coordinate: [0, 1], average cost: 0.0066599475, all costs: [0.00676001, 0.00670955, 0.00669121, 0.00664431, 0.00659472], average transfer time: inf
Code stats:
        Number of loops: 	2
        Max loop nest depth: 	1
        Additions: 		29
        Multiplications: 	15
        Divisions: 		0
        Logical: 		0
        Reads: 			69
        Writes: 		7
        Comparisons:		2
        Gotos: 			0
        
 building test:
	gcc  -DORIO_REPS=5 -o __orio_perftest12.exe __orio_perftest12.c timer_cpu.o 
 running test:
	 ./__orio_perftest12.exe  
coordinate: [1, 1], average cost: 0.006710195, all costs: [0.00670189, 0.00675466, 0.00672764, 0.00668141, 0.00667707], average transfer time: inf
Code stats:
        Number of loops: 	2
        Max loop nest depth: 	1
        Additions: 		41
        Multiplications: 	20
        Divisions: 		0
        Logical: 		0
        Reads: 			88
        Writes: 		8
        Comparisons:		2
        Gotos: 			0
        
 building test:
	gcc  -DORIO_REPS=5 -o __orio_perftest13.exe __orio_perftest13.c timer_cpu.o 
 running test:
	 ./__orio_perftest13.exe  
coordinate: [2, 1], average cost: 0.00579479, all costs: [0.00579704, 0.00581336, 0.00583022, 0.00576158, 0.005774], average transfer time: inf
>>>> best coordinate found: [2, 1], average cost: 5.794790e-03, average transfer time: inf
Code stats:
        Number of loops: 	2
        Max loop nest depth: 	1
        Additions: 		53
        Multiplications: 	25
        Divisions: 		0
        Logical: 		0
        Reads: 			107
        Writes: 		9
        Comparisons:		2
        Gotos: 			0
        
 building test:
	gcc  -DORIO_REPS=5 -o __orio_perftest14.exe __orio_perftest14.c timer_cpu.o 
 running test:
	 ./__orio_perftest14.exe  
coordinate: [3, 1], average cost: 0.0063919025, all costs: [0.00700852, 0.00695359, 0.00655127, 0.00606578, 0.00599697], average transfer time: inf
Code stats:
        Number of loops: 	2
        Max loop nest depth: 	1
        Additions: 		65
        Multiplications: 	30
        Divisions: 		0
        Logical: 		0
        Reads: 			126
        Writes: 		10
        Comparisons:		2
        Gotos: 			0
        
 building test:
	gcc  -DORIO_REPS=5 -o __orio_perftest15.exe __orio_perftest15.c timer_cpu.o 
 running test:
	 ./__orio_perftest15.exe  
coordinate: [4, 1], average cost: 0.0066401875, all costs: [0.00677158, 0.00667551, 0.00671829, 0.00664119, 0.00652576], average transfer time: inf
Code stats:
        Number of loops: 	2
        Max loop nest depth: 	1
        Additions: 		77
        Multiplications: 	35
        Divisions: 		0
        Logical: 		0
        Reads: 			145
        Writes: 		11
        Comparisons:		2
        Gotos: 			0
        
 building test:
	gcc  -DORIO_REPS=5 -o __orio_perftest16.exe __orio_perftest16.c timer_cpu.o 
 running test:
	 ./__orio_perftest16.exe  
coordinate: [5, 1], average cost: 0.0069091975, all costs: [0.00691376, 0.00702173, 0.00694374, 0.00688372, 0.0067876], average transfer time: inf
Code stats:
        Number of loops: 	2
        Max loop nest depth: 	1
        Additions: 		89
        Multiplications: 	40
        Divisions: 		0
        Logical: 		0
        Reads: 			164
        Writes: 		12
        Comparisons:		2
        Gotos: 			0
        
 building test:
	gcc  -DORIO_REPS=5 -o __orio_perftest17.exe __orio_perftest17.c timer_cpu.o 
 running test:
	 ./__orio_perftest17.exe  
coordinate: [6, 1], average cost: 0.00687182, all costs: [0.00696426, 0.00697848, 0.00685933, 0.00690479, 0.00674468], average transfer time: inf
Code stats:
        Number of loops: 	2
        Max loop nest depth: 	1
        Additions: 		101
        Multiplications: 	45
        Divisions: 		0
        Logical: 		0
        Reads: 			183
        Writes: 		13
        Comparisons:		2
        Gotos: 			0
        
 building test:
	gcc  -DORIO_REPS=5 -o __orio_perftest18.exe __orio_perftest18.c timer_cpu.o 
 running test:
	 ./__orio_perftest18.exe  
coordinate: [7, 1], average cost: 0.006383515, all costs: [0.00636819, 0.00646541, 0.00640454, 0.00632418, 0.00633993], average transfer time: inf
Code stats:
        Number of loops: 	2
        Max loop nest depth: 	1
        Additions: 		113
        Multiplications: 	50
        Divisions: 		0
        Logical: 		0
        Reads: 			202
        Writes: 		14
        Comparisons:		2
        Gotos: 			0
        
 building test:
	gcc  -DORIO_REPS=5 -o __orio_perftest19.exe __orio_perftest19.c timer_cpu.o 
 running test:
	 ./__orio_perftest19.exe  
coordinate: [8, 1], average cost: 0.006418375, all costs: [0.00655708, 0.0064917, 0.00643089, 0.00642487, 0.00632604], average transfer time: inf
Code stats:
        Number of loops: 	2
        Max loop nest depth: 	1
        Additions: 		125
        Multiplications: 	55
        Divisions: 		0
        Logical: 		0
        Reads: 			221
        Writes: 		15
        Comparisons:		2
        Gotos: 			0
        
 building test:
	gcc  -DORIO_REPS=5 -o __orio_perftest20.exe __orio_perftest20.c timer_cpu.o 
 running test:
	 ./__orio_perftest20.exe  
coordinate: [9, 1], average cost: 0.006983715, all costs: [0.00710534, 0.00704034, 0.00703346, 0.0069885, 0.00687256], average transfer time: inf
Code stats:
        Number of loops: 	1
        Max loop nest depth: 	1
        Additions: 		7
        Multiplications: 	5
        Divisions: 		0
        Logical: 		0
        Reads: 			24
        Writes: 		3
        Comparisons:		1
        Gotos: 			0
        
 building test:
	gcc  -DORIO_REPS=5 -o __orio_perftest21.exe __orio_perftest21.c timer_cpu.o 
 running test:
	 ./__orio_perftest21.exe  
coordinate: [0, 2], average cost: 0.0058284, all costs: [0.00579281, 0.00583604, 0.00581324, 0.00585024, 0.00581408], average transfer time: inf
Code stats:
        Number of loops: 	2
        Max loop nest depth: 	1
        Additions: 		29
        Multiplications: 	15
        Divisions: 		0
        Logical: 		0
        Reads: 			69
        Writes: 		7
        Comparisons:		2
        Gotos: 			0
        
 building test:
	gcc  -DORIO_REPS=5 -o __orio_perftest22.exe __orio_perftest22.c timer_cpu.o 
 running test:
	 ./__orio_perftest22.exe  
coordinate: [1, 2], average cost: 0.006468015, all costs: [0.00665371, 0.00658989, 0.00651139, 0.00644451, 0.00632627], average transfer time: inf
Code stats:
        Number of loops: 	2
        Max loop nest depth: 	1
        Additions: 		41
        Multiplications: 	20
        Divisions: 		0
        Logical: 		0
        Reads: 			88
        Writes: 		8
        Comparisons:		2
        Gotos: 			0
        
 building test:
	gcc  -DORIO_REPS=5 -o __orio_perftest23.exe __orio_perftest23.c timer_cpu.o 
 running test:
	 ./__orio_perftest23.exe  
coordinate: [2, 2], average cost: 0.0059457275, all costs: [0.00595026, 0.00595611, 0.00595577, 0.00593508, 0.00593595], average transfer time: inf
Code stats:
        Number of loops: 	2
        Max loop nest depth: 	1
        Additions: 		53
        Multiplications: 	25
        Divisions: 		0
        Logical: 		0
        Reads: 			107
        Writes: 		9
        Comparisons:		2
        Gotos: 			0
        
 building test:
	gcc  -DORIO_REPS=5 -o __orio_perftest24.exe __orio_perftest24.c timer_cpu.o 
 running test:
	 ./__orio_perftest24.exe  
coordinate: [3, 2], average cost: 0.0066320525, all costs: [0.00658228, 0.00665185, 0.00661202, 0.00668168, 0.00658266], average transfer time: inf
Code stats:
        Number of loops: 	2
        Max loop nest depth: 	1
        Additions: 		65
        Multiplications: 	30
        Divisions: 		0
        Logical: 		0
        Reads: 			126
        Writes: 		10
        Comparisons:		2
        Gotos: 			0
        
 building test:
	gcc  -DORIO_REPS=5 -o __orio_perftest25.exe __orio_perftest25.c timer_cpu.o 
 running test:
	 ./__orio_perftest25.exe  
coordinate: [4, 2], average cost: 0.0066931325, all costs: [0.00655093, 0.00667299, 0.00670232, 0.00668927, 0.00670795], average transfer time: inf
Code stats:
        Number of loops: 	2
        Max loop nest depth: 	1
        Additions: 		77
        Multiplications: 	35
        Divisions: 		0
        Logical: 		0
        Reads: 			145
        Writes: 		11
        Comparisons:		2
        Gotos: 			0
        
 building test:
	gcc  -DORIO_REPS=5 -o __orio_perftest26.exe __orio_perftest26.c timer_cpu.o 
 running test:
	 ./__orio_perftest26.exe  
coordinate: [5, 2], average cost: 0.0062124525, all costs: [0.00634205, 0.0063111, 0.00625957, 0.00616155, 0.00611759], average transfer time: inf
Code stats:
        Number of loops: 	2
        Max loop nest depth: 	1
        Additions: 		89
        Multiplications: 	40
        Divisions: 		0
        Logical: 		0
        Reads: 			164
        Writes: 		12
        Comparisons:		2
        Gotos: 			0
        
 building test:
	gcc  -DORIO_REPS=5 -o __orio_perftest27.exe __orio_perftest27.c timer_cpu.o 
 running test:
	 ./__orio_perftest27.exe  
coordinate: [6, 2], average cost: 0.0066204975, all costs: [0.00676624, 0.00669768, 0.00666255, 0.00662302, 0.00649874], average transfer time: inf
Code stats:
        Number of loops: 	2
        Max loop nest depth: 	1
        Additions: 		101
        Multiplications: 	45
        Divisions: 		0
        Logical: 		0
        Reads: 			183
        Writes: 		13
        Comparisons:		2
        Gotos: 			0
        
 building test:
	gcc  -DORIO_REPS=5 -o __orio_perftest28.exe __orio_perftest28.c timer_cpu.o 
 running test:
	 ./__orio_perftest28.exe  
coordinate: [7, 2], average cost: 0.006681685, all costs: [0.00685644, 0.00675884, 0.0066953, 0.00666419, 0.00660841], average transfer time: inf
Code stats:
        Number of loops: 	2
        Max loop nest depth: 	1
        Additions: 		113
        Multiplications: 	50
        Divisions: 		0
        Logical: 		0
        Reads: 			202
        Writes: 		14
        Comparisons:		2
        Gotos: 			0
        
 building test:
	gcc  -DORIO_REPS=5 -o __orio_perftest29.exe __orio_perftest29.c timer_cpu.o 
 running test:
	 ./__orio_perftest29.exe  
coordinate: [8, 2], average cost: 0.0062747775, all costs: [0.00626371, 0.00638149, 0.00637702, 0.00616464, 0.00617596], average transfer time: inf
Code stats:
        Number of loops: 	2
        Max loop nest depth: 	1
        Additions: 		125
        Multiplications: 	55
        Divisions: 		0
        Logical: 		0
        Reads: 			221
        Writes: 		15
        Comparisons:		2
        Gotos: 			0
        
 building test:
	gcc  -DORIO_REPS=5 -o __orio_perftest30.exe __orio_perftest30.c timer_cpu.o 
 running test:
	 ./__orio_perftest30.exe  
coordinate: [9, 2], average cost: 0.0064838275, all costs: [0.0064482, 0.00648759, 0.00648027, 0.00645212, 0.00651533], average transfer time: inf
Code stats:
        Number of loops: 	1
        Max loop nest depth: 	1
        Additions: 		7
        Multiplications: 	5
        Divisions: 		0
        Logical: 		0
        Reads: 			24
        Writes: 		3
        Comparisons:		1
        Gotos: 			0
        
 building test:
	gcc  -DORIO_REPS=5 -o __orio_perftest31.exe __orio_perftest31.c timer_cpu.o 
 running test:
	 ./__orio_perftest31.exe  
coordinate: [0, 3], average cost: 0.0057039975, all costs: [0.00644075, 0.00575422, 0.00573901, 0.00566564, 0.00565712], average transfer time: inf
>>>> best coordinate found: [0, 3], average cost: 5.703998e-03, average transfer time: inf
Code stats:
        Number of loops: 	2
        Max loop nest depth: 	1
        Additions: 		29
        Multiplications: 	15
        Divisions: 		0
        Logical: 		0
        Reads: 			69
        Writes: 		7
        Comparisons:		2
        Gotos: 			0
        
 building test:
	gcc  -DORIO_REPS=5 -o __orio_perftest32.exe __orio_perftest32.c timer_cpu.o 
 running test:
	 ./__orio_perftest32.exe  
coordinate: [1, 3], average cost: 0.0060785275, all costs: [0.00614404, 0.00618964, 0.00605723, 0.00607444, 0.0059928], average transfer time: inf
Code stats:
        Number of loops: 	2
        Max loop nest depth: 	1
        Additions: 		41
        Multiplications: 	20
        Divisions: 		0
        Logical: 		0
        Reads: 			88
        Writes: 		8
        Comparisons:		2
        Gotos: 			0
        
 building test:
	gcc  -DORIO_REPS=5 -o __orio_perftest33.exe __orio_perftest33.c timer_cpu.o 
 running test:
	 ./__orio_perftest33.exe  
coordinate: [2, 3], average cost: 0.00650486, all costs: [0.00657398, 0.00654052, 0.00650463, 0.00650088, 0.00647341], average transfer time: inf
Code stats:
        Number of loops: 	2
        Max loop nest depth: 	1
        Additions: 		53
        Multiplications: 	25
        Divisions: 		0
        Logical: 		0
        Reads: 			107
        Writes: 		9
        Comparisons:		2
        Gotos: 			0
        
 building test:
	gcc  -DORIO_REPS=5 -o __orio_perftest34.exe __orio_perftest34.c timer_cpu.o 
 running test:
	 ./__orio_perftest34.exe  
coordinate: [3, 3], average cost: 0.0066781125, all costs: [0.00672959, 0.00675429, 0.0066803, 0.00664869, 0.00662917], average transfer time: inf
Code stats:
        Number of loops: 	2
        Max loop nest depth: 	1
        Additions: 		65
        Multiplications: 	30
        Divisions: 		0
        Logical: 		0
        Reads: 			126
        Writes: 		10
        Comparisons:		2
        Gotos: 			0
        
 building test:
	gcc  -DORIO_REPS=5 -o __orio_perftest35.exe __orio_perftest35.c timer_cpu.o 
 running test:
	 ./__orio_perftest35.exe  
coordinate: [4, 3], average cost: 0.00608052, all costs: [0.0060477, 0.00605027, 0.00612364, 0.00604468, 0.00610349], average transfer time: inf
Code stats:
        Number of loops: 	2
        Max loop nest depth: 	1
        Additions: 		77
        Multiplications: 	35
        Divisions: 		0
        Logical: 		0
        Reads: 			145
        Writes: 		11
        Comparisons:		2
        Gotos: 			0
        
 building test:
	gcc  -DORIO_REPS=5 -o __orio_perftest36.exe __orio_perftest36.c timer_cpu.o 
 running test:
	 ./__orio_perftest36.exe  
coordinate: [5, 3], average cost: 0.0070263825, all costs: [0.00720188, 0.00719675, 0.00702244, 0.0069539, 0.00693244], average transfer time: inf
Code stats:
        Number of loops: 	2
        Max loop nest depth: 	1
        Additions: 		89
        Multiplications: 	40
        Divisions: 		0
        Logical: 		0
        Reads: 			164
        Writes: 		12
        Comparisons:		2
        Gotos: 			0
        
 building test:
	gcc  -DORIO_REPS=5 -o __orio_perftest37.exe __orio_perftest37.c timer_cpu.o 
 running test:
	 ./__orio_perftest37.exe  
coordinate: [6, 3], average cost: 0.006563555, all costs: [0.00657838, 0.00655714, 0.00653971, 0.00656543, 0.00659194], average transfer time: inf
Code stats:
        Number of loops: 	2
        Max loop nest depth: 	1
        Additions: 		101
        Multiplications: 	45
        Divisions: 		0
        Logical: 		0
        Reads: 			183
        Writes: 		13
        Comparisons:		2
        Gotos: 			0
        
 building test:
	gcc  -DORIO_REPS=5 -o __orio_perftest38.exe __orio_perftest38.c timer_cpu.o 
 running test:
	 ./__orio_perftest38.exe  
coordinate: [7, 3], average cost: 0.0070873425, all costs: [0.00727725, 0.00716349, 0.00717369, 0.00703056, 0.00698163], average transfer time: inf
Code stats:
        Number of loops: 	2
        Max loop nest depth: 	1
        Additions: 		113
        Multiplications: 	50
        Divisions: 		0
        Logical: 		0
        Reads: 			202
        Writes: 		14
        Comparisons:		2
        Gotos: 			0
        
 building test:
	gcc  -DORIO_REPS=5 -o __orio_perftest39.exe __orio_perftest39.c timer_cpu.o 
 running test:
	 ./__orio_perftest39.exe  
coordinate: [8, 3], average cost: 0.0066740775, all costs: [0.00667646, 0.00667567, 0.00671758, 0.00666123, 0.00664183], average transfer time: inf
Code stats:
        Number of loops: 	2
        Max loop nest depth: 	1
        Additions: 		125
        Multiplications: 	55
        Divisions: 		0
        Logical: 		0
        Reads: 			221
        Writes: 		15
        Comparisons:		2
        Gotos: 			0
        
 building test:
	gcc  -DORIO_REPS=5 -o __orio_perftest40.exe __orio_perftest40.c timer_cpu.o 
 running test:
	 ./__orio_perftest40.exe  
coordinate: [9, 3], average cost: 0.0063906675, all costs: [0.00641143, 0.00639843, 0.00647151, 0.00631212, 0.00638061], average transfer time: inf
----- end exhaustive search -----
----- begin summary -----
 best coordinate: [0, 3]={'UF': 1, 'CFLAGS': '-O3'}, cost=5.703998e-03, transfer_time=inf, inputs=[('N', 1000000)], search_time=7.50, runs=0
----- end summary -----
----- the obtained best performance parameters -----
 CFLAGS = -O3
 UF = 1
Code stats:
        Number of loops: 	1
        Max loop nest depth: 	1
        Additions: 		7
        Multiplications: 	5
        Divisions: 		0
        Logical: 		0
        Reads: 			24
        Writes: 		3
        Comparisons:		1
        Gotos: 			0
        
----- finish optimizations -----

----- begin writing the output file(s) -----
--> writing output to: _axpy5.c
----- finished writing the output file(s) -----

====== END ORIO ======
