This file contains any messages produced by compilers while
running configure, to aid debugging if configure makes a mistake.

It was created by isl-interface configure 0, which was
generated by GNU Autoconf 2.71.  Invocation command line was

  $ ./configure --disable-option-checking --prefix=/home/users/shravank/projects/meliora2/Meliora/isl/isl_from_src/install --with-int=imath --with-clang-prefix=/home/users/shravank/libs/llvm-14-meliora --cache-file=/dev/null --srcdir=.

## --------- ##
## Platform. ##
## --------- ##

hostname = arya
uname -m = x86_64
uname -r = 5.15.0-56-generic
uname -s = Linux
uname -v = #62-Ubuntu SMP Tue Nov 22 19:54:14 UTC 2022

/usr/bin/uname -p = x86_64
/bin/uname -X     = unknown

/bin/arch              = x86_64
/usr/bin/arch -k       = unknown
/usr/convex/getsysinfo = unknown
/usr/bin/hostinfo      = unknown
/bin/machine           = unknown
/usr/bin/oslevel       = unknown
/bin/universe          = unknown

PATH: /home/users/shravank/libs/orio/bin/
PATH: /disks/large/home/users/shravank/.vscode-server/bin/704ed70d4fd1c6bd6342c436f1ede30d1cff4710/bin/remote-cli/
PATH: /home/users/shravank/libs/orio/bin/
PATH: /home/users/shravank/anaconda3/bin/
PATH: /home/users/shravank/anaconda3/condabin/
PATH: /usr/local/sbin/
PATH: /usr/local/bin/
PATH: /usr/sbin/
PATH: /usr/bin/
PATH: /sbin/
PATH: /bin/
PATH: /usr/games/
PATH: /usr/local/games/
PATH: /snap/bin/
PATH: /opt/rocm/bin/
PATH: /opt/rocm/profiler/bin/
PATH: /opt/rocm/opencl/bin/x86_64/
PATH: /opt/rocm/bin/
PATH: /opt/rocm/profiler/bin/
PATH: /opt/rocm/opencl/bin/x86_64/
PATH: /opt/rocm/bin/
PATH: /opt/rocm/profiler/bin/
PATH: /opt/rocm/opencl/bin/x86_64/
PATH: /opt/rocm/bin/
PATH: /opt/rocm/profiler/bin/
PATH: /opt/rocm/opencl/bin/x86_64/
PATH: /opt/rocm/bin/
PATH: /opt/rocm/profiler/bin/
PATH: /opt/rocm/opencl/bin/x86_64/
PATH: /opt/rocm/bin/
PATH: /opt/rocm/profiler/bin/
PATH: /opt/rocm/opencl/bin/x86_64/


## ----------- ##
## Core tests. ##
## ----------- ##

configure:2803: looking for aux files: ltmain.sh config.guess config.sub compile missing install-sh
configure:2816:  trying ././
configure:2845:   ././ltmain.sh found
configure:2845:   ././config.guess found
configure:2845:   ././config.sub found
configure:2845:   ././compile found
configure:2845:   ././missing found
configure:2827:   ././install-sh found
configure:2976: checking for a BSD-compatible install
configure:3049: result: /usr/bin/install -c
configure:3060: checking whether build environment is sane
configure:3115: result: yes
configure:3274: checking for a race-free mkdir -p
configure:3318: result: /usr/bin/mkdir -p
configure:3325: checking for gawk
configure:3346: found /usr/bin/gawk
configure:3357: result: gawk
configure:3368: checking whether make sets $(MAKE)
configure:3391: result: yes
configure:3421: checking whether make supports nested variables
configure:3439: result: yes
configure:3587: checking whether make supports nested variables
configure:3605: result: yes
configure:3686: checking for g++
configure:3707: found /usr/bin/g++
configure:3718: result: g++
configure:3745: checking for C++ compiler version
configure:3754: g++ --version >&5
g++ (Ubuntu 11.3.0-1ubuntu1~22.04) 11.3.0
Copyright (C) 2021 Free Software Foundation, Inc.
This is free software; see the source for copying conditions.  There is NO
warranty; not even for MERCHANTABILITY or FITNESS FOR A PARTICULAR PURPOSE.

configure:3765: $? = 0
configure:3754: g++ -v >&5
Using built-in specs.
COLLECT_GCC=g++
COLLECT_LTO_WRAPPER=/usr/lib/gcc/x86_64-linux-gnu/11/lto-wrapper
OFFLOAD_TARGET_NAMES=nvptx-none:amdgcn-amdhsa
OFFLOAD_TARGET_DEFAULT=1
Target: x86_64-linux-gnu
Configured with: ../src/configure -v --with-pkgversion='Ubuntu 11.3.0-1ubuntu1~22.04' --with-bugurl=file:///usr/share/doc/gcc-11/README.Bugs --enable-languages=c,ada,c++,go,brig,d,fortran,objc,obj-c++,m2 --prefix=/usr --with-gcc-major-version-only --program-suffix=-11 --program-prefix=x86_64-linux-gnu- --enable-shared --enable-linker-build-id --libexecdir=/usr/lib --without-included-gettext --enable-threads=posix --libdir=/usr/lib --enable-nls --enable-bootstrap --enable-clocale=gnu --enable-libstdcxx-debug --enable-libstdcxx-time=yes --with-default-libstdcxx-abi=new --enable-gnu-unique-object --disable-vtable-verify --enable-plugin --enable-default-pie --with-system-zlib --enable-libphobos-checking=release --with-target-system-zlib=auto --enable-objc-gc=auto --enable-multiarch --disable-werror --enable-cet --with-arch-32=i686 --with-abi=m64 --with-multilib-list=m32,m64,mx32 --enable-multilib --with-tune=generic --enable-offload-targets=nvptx-none=/build/gcc-11-xKiWfi/gcc-11-11.3.0/debian/tmp-nvptx/usr,amdgcn-amdhsa=/build/gcc-11-xKiWfi/gcc-11-11.3.0/debian/tmp-gcn/usr --without-cuda-driver --enable-checking=release --build=x86_64-linux-gnu --host=x86_64-linux-gnu --target=x86_64-linux-gnu --with-build-config=bootstrap-lto-lean --enable-link-serialization=2
Thread model: posix
Supported LTO compression algorithms: zlib zstd
gcc version 11.3.0 (Ubuntu 11.3.0-1ubuntu1~22.04) 
... rest of stderr output deleted ...
configure:3765: $? = 0
configure:3754: g++ -V >&5
g++: error: unrecognized command-line option '-V'
g++: fatal error: no input files
compilation terminated.
configure:3765: $? = 1
configure:3754: g++ -qversion >&5
g++: error: unrecognized command-line option '-qversion'; did you mean '--version'?
g++: fatal error: no input files
compilation terminated.
configure:3765: $? = 1
configure:3785: checking whether the C++ compiler works
configure:3807: g++    conftest.cpp  >&5
configure:3811: $? = 0
configure:3861: result: yes
configure:3864: checking for C++ compiler default output file name
configure:3866: result: a.out
configure:3872: checking for suffix of executables
configure:3879: g++ -o conftest    conftest.cpp  >&5
configure:3883: $? = 0
configure:3906: result: 
configure:3928: checking whether we are cross compiling
configure:3936: g++ -o conftest    conftest.cpp  >&5
configure:3940: $? = 0
configure:3947: ./conftest
configure:3951: $? = 0
configure:3966: result: no
configure:3971: checking for suffix of object files
configure:3994: g++ -c   conftest.cpp >&5
configure:3998: $? = 0
configure:4020: result: o
configure:4024: checking whether the compiler supports GNU C++
configure:4044: g++ -c   conftest.cpp >&5
configure:4044: $? = 0
configure:4054: result: yes
configure:4065: checking whether g++ accepts -g
configure:4086: g++ -c -g  conftest.cpp >&5
configure:4086: $? = 0
configure:4130: result: yes
configure:4150: checking for g++ option to enable C++11 features
configure:4165: g++  -c -g -O2  conftest.cpp >&5
conftest.cpp: In function 'int main(int, char**)':
conftest.cpp:177:25: warning: empty parentheses were disambiguated as a function declaration [-Wvexing-parse]
  177 |   cxx11test::delegate d2();
      |                         ^~
conftest.cpp:177:25: note: remove parentheses to default-initialize a variable
  177 |   cxx11test::delegate d2();
      |                         ^~
      |                         --
conftest.cpp:177:25: note: or replace parentheses with braces to value-initialize a variable
configure:4165: $? = 0
configure:4183: result: none needed
configure:4250: checking whether make supports the include directive
configure:4265: make -f confmf.GNU && cat confinc.out
this is the am__doit target
configure:4268: $? = 0
configure:4287: result: yes (GNU style)
configure:4313: checking dependency style of g++
configure:4425: result: gcc3
configure:4502: checking for gcc
configure:4523: found /usr/bin/gcc
configure:4534: result: gcc
configure:4887: checking for C compiler version
configure:4896: gcc --version >&5
gcc (Ubuntu 11.3.0-1ubuntu1~22.04) 11.3.0
Copyright (C) 2021 Free Software Foundation, Inc.
This is free software; see the source for copying conditions.  There is NO
warranty; not even for MERCHANTABILITY or FITNESS FOR A PARTICULAR PURPOSE.

configure:4907: $? = 0
configure:4896: gcc -v >&5
Using built-in specs.
COLLECT_GCC=gcc
COLLECT_LTO_WRAPPER=/usr/lib/gcc/x86_64-linux-gnu/11/lto-wrapper
OFFLOAD_TARGET_NAMES=nvptx-none:amdgcn-amdhsa
OFFLOAD_TARGET_DEFAULT=1
Target: x86_64-linux-gnu
Configured with: ../src/configure -v --with-pkgversion='Ubuntu 11.3.0-1ubuntu1~22.04' --with-bugurl=file:///usr/share/doc/gcc-11/README.Bugs --enable-languages=c,ada,c++,go,brig,d,fortran,objc,obj-c++,m2 --prefix=/usr --with-gcc-major-version-only --program-suffix=-11 --program-prefix=x86_64-linux-gnu- --enable-shared --enable-linker-build-id --libexecdir=/usr/lib --without-included-gettext --enable-threads=posix --libdir=/usr/lib --enable-nls --enable-bootstrap --enable-clocale=gnu --enable-libstdcxx-debug --enable-libstdcxx-time=yes --with-default-libstdcxx-abi=new --enable-gnu-unique-object --disable-vtable-verify --enable-plugin --enable-default-pie --with-system-zlib --enable-libphobos-checking=release --with-target-system-zlib=auto --enable-objc-gc=auto --enable-multiarch --disable-werror --enable-cet --with-arch-32=i686 --with-abi=m64 --with-multilib-list=m32,m64,mx32 --enable-multilib --with-tune=generic --enable-offload-targets=nvptx-none=/build/gcc-11-xKiWfi/gcc-11-11.3.0/debian/tmp-nvptx/usr,amdgcn-amdhsa=/build/gcc-11-xKiWfi/gcc-11-11.3.0/debian/tmp-gcn/usr --without-cuda-driver --enable-checking=release --build=x86_64-linux-gnu --host=x86_64-linux-gnu --target=x86_64-linux-gnu --with-build-config=bootstrap-lto-lean --enable-link-serialization=2
Thread model: posix
Supported LTO compression algorithms: zlib zstd
gcc version 11.3.0 (Ubuntu 11.3.0-1ubuntu1~22.04) 
... rest of stderr output deleted ...
configure:4907: $? = 0
configure:4896: gcc -V >&5
gcc: error: unrecognized command-line option '-V'
gcc: fatal error: no input files
compilation terminated.
configure:4907: $? = 1
configure:4896: gcc -qversion >&5
gcc: error: unrecognized command-line option '-qversion'; did you mean '--version'?
gcc: fatal error: no input files
compilation terminated.
configure:4907: $? = 1
configure:4896: gcc -version >&5
gcc: error: unrecognized command-line option '-version'
gcc: fatal error: no input files
compilation terminated.
configure:4907: $? = 1
configure:4911: checking whether the compiler supports GNU C
configure:4931: gcc -c   conftest.c >&5
configure:4931: $? = 0
configure:4941: result: yes
configure:4952: checking whether gcc accepts -g
configure:4973: gcc -c -g  conftest.c >&5
configure:4973: $? = 0
configure:5017: result: yes
configure:5037: checking for gcc option to enable C11 features
configure:5052: gcc  -c -g -O2  conftest.c >&5
configure:5052: $? = 0
configure:5070: result: none needed
configure:5186: checking whether gcc understands -c and -o together
configure:5209: gcc -c conftest.c -o conftest2.o
configure:5212: $? = 0
configure:5209: gcc -c conftest.c -o conftest2.o
configure:5212: $? = 0
configure:5224: result: yes
configure:5243: checking dependency style of gcc
configure:5355: result: gcc3
configure:5375: checking how to run the C preprocessor
configure:5401: gcc -E  conftest.c
configure:5401: $? = 0
configure:5416: gcc -E  conftest.c
conftest.c:11:10: fatal error: ac_nonexistent.h: No such file or directory
   11 | #include <ac_nonexistent.h>
      |          ^~~~~~~~~~~~~~~~~~
compilation terminated.
configure:5416: $? = 1
configure: failed program was:
| /* confdefs.h */
| #define PACKAGE_NAME "isl-interface"
| #define PACKAGE_TARNAME "isl-interface"
| #define PACKAGE_VERSION "0"
| #define PACKAGE_STRING "isl-interface 0"
| #define PACKAGE_BUGREPORT "isl-development@googlegroups.com"
| #define PACKAGE_URL ""
| #define PACKAGE "isl-interface"
| #define VERSION "0"
| /* end confdefs.h.  */
| #include <ac_nonexistent.h>
configure:5443: result: gcc -E
configure:5457: gcc -E  conftest.c
configure:5457: $? = 0
configure:5472: gcc -E  conftest.c
conftest.c:11:10: fatal error: ac_nonexistent.h: No such file or directory
   11 | #include <ac_nonexistent.h>
      |          ^~~~~~~~~~~~~~~~~~
compilation terminated.
configure:5472: $? = 1
configure: failed program was:
| /* confdefs.h */
| #define PACKAGE_NAME "isl-interface"
| #define PACKAGE_TARNAME "isl-interface"
| #define PACKAGE_VERSION "0"
| #define PACKAGE_STRING "isl-interface 0"
| #define PACKAGE_BUGREPORT "isl-development@googlegroups.com"
| #define PACKAGE_URL ""
| #define PACKAGE "isl-interface"
| #define VERSION "0"
| /* end confdefs.h.  */
| #include <ac_nonexistent.h>
configure:5508: checking build system type
configure:5523: result: x86_64-pc-linux-gnu
configure:5578: checking for x86_64-pc-linux-gnu-gcc
configure:5613: result: no
configure:5623: checking for gcc
configure:5644: found /usr/bin/gcc
configure:5655: result: gcc
configure:6008: checking for C compiler version
configure:6017: gcc --version >&5
gcc (Ubuntu 11.3.0-1ubuntu1~22.04) 11.3.0
Copyright (C) 2021 Free Software Foundation, Inc.
This is free software; see the source for copying conditions.  There is NO
warranty; not even for MERCHANTABILITY or FITNESS FOR A PARTICULAR PURPOSE.

configure:6028: $? = 0
configure:6017: gcc -v >&5
Using built-in specs.
COLLECT_GCC=gcc
COLLECT_LTO_WRAPPER=/usr/lib/gcc/x86_64-linux-gnu/11/lto-wrapper
OFFLOAD_TARGET_NAMES=nvptx-none:amdgcn-amdhsa
OFFLOAD_TARGET_DEFAULT=1
Target: x86_64-linux-gnu
Configured with: ../src/configure -v --with-pkgversion='Ubuntu 11.3.0-1ubuntu1~22.04' --with-bugurl=file:///usr/share/doc/gcc-11/README.Bugs --enable-languages=c,ada,c++,go,brig,d,fortran,objc,obj-c++,m2 --prefix=/usr --with-gcc-major-version-only --program-suffix=-11 --program-prefix=x86_64-linux-gnu- --enable-shared --enable-linker-build-id --libexecdir=/usr/lib --without-included-gettext --enable-threads=posix --libdir=/usr/lib --enable-nls --enable-bootstrap --enable-clocale=gnu --enable-libstdcxx-debug --enable-libstdcxx-time=yes --with-default-libstdcxx-abi=new --enable-gnu-unique-object --disable-vtable-verify --enable-plugin --enable-default-pie --with-system-zlib --enable-libphobos-checking=release --with-target-system-zlib=auto --enable-objc-gc=auto --enable-multiarch --disable-werror --enable-cet --with-arch-32=i686 --with-abi=m64 --with-multilib-list=m32,m64,mx32 --enable-multilib --with-tune=generic --enable-offload-targets=nvptx-none=/build/gcc-11-xKiWfi/gcc-11-11.3.0/debian/tmp-nvptx/usr,amdgcn-amdhsa=/build/gcc-11-xKiWfi/gcc-11-11.3.0/debian/tmp-gcn/usr --without-cuda-driver --enable-checking=release --build=x86_64-linux-gnu --host=x86_64-linux-gnu --target=x86_64-linux-gnu --with-build-config=bootstrap-lto-lean --enable-link-serialization=2
Thread model: posix
Supported LTO compression algorithms: zlib zstd
gcc version 11.3.0 (Ubuntu 11.3.0-1ubuntu1~22.04) 
... rest of stderr output deleted ...
configure:6028: $? = 0
configure:6017: gcc -V >&5
gcc: error: unrecognized command-line option '-V'
gcc: fatal error: no input files
compilation terminated.
configure:6028: $? = 1
configure:6017: gcc -qversion >&5
gcc: error: unrecognized command-line option '-qversion'; did you mean '--version'?
gcc: fatal error: no input files
compilation terminated.
configure:6028: $? = 1
configure:6017: gcc -version >&5
gcc: error: unrecognized command-line option '-version'
gcc: fatal error: no input files
compilation terminated.
configure:6028: $? = 1
configure:6032: checking whether the compiler supports GNU C
configure:6052: gcc -c   conftest.c >&5
configure:6052: $? = 0
configure:6062: result: yes
configure:6073: checking whether gcc accepts -g
configure:6094: gcc -c -g  conftest.c >&5
configure:6094: $? = 0
configure:6138: result: yes
configure:6158: checking for gcc option to enable C11 features
configure:6173: gcc  -c -g -O2  conftest.c >&5
configure:6173: $? = 0
configure:6191: result: none needed
configure:6307: checking whether gcc understands -c and -o together
configure:6330: gcc -c conftest.c -o conftest2.
configure:6333: $? = 0
configure:6330: gcc -c conftest.c -o conftest2.
configure:6333: $? = 0
configure:6345: result: yes
configure:6364: checking dependency style of gcc
configure:6476: result: gcc3
configure:6513: checking whether the C compiler works
configure:6535: gcc -g -O2   conftest.c  >&5
configure:6539: $? = 0
configure:6589: result: yes
configure:6592: checking for C compiler default output file name
configure:6594: result: a.out
configure:6600: checking for suffix of executables
configure:6607: gcc -o conftest -g -O2   conftest.c  >&5
configure:6611: $? = 0
configure:6634: result: 
configure:6656: checking whether we are cross compiling
configure:6664: gcc -o conftest -g -O2   conftest.c  >&5
configure:6668: $? = 0
configure:6675: ./conftest
configure:6679: $? = 0
configure:6694: result: no
configure:6700: checking for suffix of object files
configure:6723: gcc -c -g -O2  conftest.c >&5
configure:6727: $? = 0
configure:6749: result: o
configure:6759: checking how to run the C preprocessor
configure:6785: gcc -E  conftest.c
configure:6785: $? = 0
configure:6800: gcc -E  conftest.c
conftest.c:11:10: fatal error: ac_nonexistent.h: No such file or directory
   11 | #include <ac_nonexistent.h>
      |          ^~~~~~~~~~~~~~~~~~
compilation terminated.
configure:6800: $? = 1
configure: failed program was:
| /* confdefs.h */
| #define PACKAGE_NAME "isl-interface"
| #define PACKAGE_TARNAME "isl-interface"
| #define PACKAGE_VERSION "0"
| #define PACKAGE_STRING "isl-interface 0"
| #define PACKAGE_BUGREPORT "isl-development@googlegroups.com"
| #define PACKAGE_URL ""
| #define PACKAGE "isl-interface"
| #define VERSION "0"
| /* end confdefs.h.  */
| #include <ac_nonexistent.h>
configure:6827: result: gcc -E
configure:6841: gcc -E  conftest.c
configure:6841: $? = 0
configure:6856: gcc -E  conftest.c
conftest.c:11:10: fatal error: ac_nonexistent.h: No such file or directory
   11 | #include <ac_nonexistent.h>
      |          ^~~~~~~~~~~~~~~~~~
compilation terminated.
configure:6856: $? = 1
configure: failed program was:
| /* confdefs.h */
| #define PACKAGE_NAME "isl-interface"
| #define PACKAGE_TARNAME "isl-interface"
| #define PACKAGE_VERSION "0"
| #define PACKAGE_STRING "isl-interface 0"
| #define PACKAGE_BUGREPORT "isl-development@googlegroups.com"
| #define PACKAGE_URL ""
| #define PACKAGE "isl-interface"
| #define VERSION "0"
| /* end confdefs.h.  */
| #include <ac_nonexistent.h>
configure:6907: checking how to run the C++ preprocessor
configure:6929: g++ -E  conftest.cpp
configure:6929: $? = 0
configure:6944: g++ -E  conftest.cpp
conftest.cpp:11:10: fatal error: ac_nonexistent.h: No such file or directory
   11 | #include <ac_nonexistent.h>
      |          ^~~~~~~~~~~~~~~~~~
compilation terminated.
configure:6944: $? = 1
configure: failed program was:
| /* confdefs.h */
| #define PACKAGE_NAME "isl-interface"
| #define PACKAGE_TARNAME "isl-interface"
| #define PACKAGE_VERSION "0"
| #define PACKAGE_STRING "isl-interface 0"
| #define PACKAGE_BUGREPORT "isl-development@googlegroups.com"
| #define PACKAGE_URL ""
| #define PACKAGE "isl-interface"
| #define VERSION "0"
| /* end confdefs.h.  */
| #include <ac_nonexistent.h>
configure:6971: result: g++ -E
configure:6985: g++ -E  conftest.cpp
configure:6985: $? = 0
configure:7000: g++ -E  conftest.cpp
conftest.cpp:11:10: fatal error: ac_nonexistent.h: No such file or directory
   11 | #include <ac_nonexistent.h>
      |          ^~~~~~~~~~~~~~~~~~
compilation terminated.
configure:7000: $? = 1
configure: failed program was:
| /* confdefs.h */
| #define PACKAGE_NAME "isl-interface"
| #define PACKAGE_TARNAME "isl-interface"
| #define PACKAGE_VERSION "0"
| #define PACKAGE_STRING "isl-interface 0"
| #define PACKAGE_BUGREPORT "isl-development@googlegroups.com"
| #define PACKAGE_URL ""
| #define PACKAGE "isl-interface"
| #define VERSION "0"
| /* end confdefs.h.  */
| #include <ac_nonexistent.h>
configure:7030: checking host system type
configure:7044: result: x86_64-pc-linux-gnu
configure:7134: checking for g++
configure:7155: found /usr/bin/g++
configure:7166: result: g++
configure:7193: checking for C++ compiler version
configure:7202: g++ --version >&5
g++ (Ubuntu 11.3.0-1ubuntu1~22.04) 11.3.0
Copyright (C) 2021 Free Software Foundation, Inc.
This is free software; see the source for copying conditions.  There is NO
warranty; not even for MERCHANTABILITY or FITNESS FOR A PARTICULAR PURPOSE.

configure:7213: $? = 0
configure:7202: g++ -v >&5
Using built-in specs.
COLLECT_GCC=g++
COLLECT_LTO_WRAPPER=/usr/lib/gcc/x86_64-linux-gnu/11/lto-wrapper
OFFLOAD_TARGET_NAMES=nvptx-none:amdgcn-amdhsa
OFFLOAD_TARGET_DEFAULT=1
Target: x86_64-linux-gnu
Configured with: ../src/configure -v --with-pkgversion='Ubuntu 11.3.0-1ubuntu1~22.04' --with-bugurl=file:///usr/share/doc/gcc-11/README.Bugs --enable-languages=c,ada,c++,go,brig,d,fortran,objc,obj-c++,m2 --prefix=/usr --with-gcc-major-version-only --program-suffix=-11 --program-prefix=x86_64-linux-gnu- --enable-shared --enable-linker-build-id --libexecdir=/usr/lib --without-included-gettext --enable-threads=posix --libdir=/usr/lib --enable-nls --enable-bootstrap --enable-clocale=gnu --enable-libstdcxx-debug --enable-libstdcxx-time=yes --with-default-libstdcxx-abi=new --enable-gnu-unique-object --disable-vtable-verify --enable-plugin --enable-default-pie --with-system-zlib --enable-libphobos-checking=release --with-target-system-zlib=auto --enable-objc-gc=auto --enable-multiarch --disable-werror --enable-cet --with-arch-32=i686 --with-abi=m64 --with-multilib-list=m32,m64,mx32 --enable-multilib --with-tune=generic --enable-offload-targets=nvptx-none=/build/gcc-11-xKiWfi/gcc-11-11.3.0/debian/tmp-nvptx/usr,amdgcn-amdhsa=/build/gcc-11-xKiWfi/gcc-11-11.3.0/debian/tmp-gcn/usr --without-cuda-driver --enable-checking=release --build=x86_64-linux-gnu --host=x86_64-linux-gnu --target=x86_64-linux-gnu --with-build-config=bootstrap-lto-lean --enable-link-serialization=2
Thread model: posix
Supported LTO compression algorithms: zlib zstd
gcc version 11.3.0 (Ubuntu 11.3.0-1ubuntu1~22.04) 
... rest of stderr output deleted ...
configure:7213: $? = 0
configure:7202: g++ -V >&5
g++: error: unrecognized command-line option '-V'
g++: fatal error: no input files
compilation terminated.
configure:7213: $? = 1
configure:7202: g++ -qversion >&5
g++: error: unrecognized command-line option '-qversion'; did you mean '--version'?
g++: fatal error: no input files
compilation terminated.
configure:7213: $? = 1
configure:7217: checking whether the compiler supports GNU C++
configure:7247: result: yes
configure:7258: checking whether g++ accepts -g
configure:7279: gcc -c -g -O2  conftest.cpp >&5
configure:7279: $? = 0
configure:7323: result: yes
configure:7343: checking for g++ option to enable C++11 features
configure:7376: result: none needed
configure:7442: checking dependency style of g++
configure:7554: result: gcc3
configure:7574: checking how to run the C++ preprocessor
configure:7596: g++ -E  conftest.cpp
configure:7596: $? = 0
configure:7611: g++ -E  conftest.cpp
conftest.cpp:11:10: fatal error: ac_nonexistent.h: No such file or directory
   11 | #include <ac_nonexistent.h>
      |          ^~~~~~~~~~~~~~~~~~
compilation terminated.
configure:7611: $? = 1
configure: failed program was:
| /* confdefs.h */
| #define PACKAGE_NAME "isl-interface"
| #define PACKAGE_TARNAME "isl-interface"
| #define PACKAGE_VERSION "0"
| #define PACKAGE_STRING "isl-interface 0"
| #define PACKAGE_BUGREPORT "isl-development@googlegroups.com"
| #define PACKAGE_URL ""
| #define PACKAGE "isl-interface"
| #define VERSION "0"
| /* end confdefs.h.  */
| #include <ac_nonexistent.h>
configure:7638: result: g++ -E
configure:7652: g++ -E  conftest.cpp
configure:7652: $? = 0
configure:7667: g++ -E  conftest.cpp
conftest.cpp:11:10: fatal error: ac_nonexistent.h: No such file or directory
   11 | #include <ac_nonexistent.h>
      |          ^~~~~~~~~~~~~~~~~~
compilation terminated.
configure:7667: $? = 1
configure: failed program was:
| /* confdefs.h */
| #define PACKAGE_NAME "isl-interface"
| #define PACKAGE_TARNAME "isl-interface"
| #define PACKAGE_VERSION "0"
| #define PACKAGE_STRING "isl-interface 0"
| #define PACKAGE_BUGREPORT "isl-development@googlegroups.com"
| #define PACKAGE_URL ""
| #define PACKAGE "isl-interface"
| #define VERSION "0"
| /* end confdefs.h.  */
| #include <ac_nonexistent.h>
configure:7715: checking for grep that handles long lines and -e
configure:7779: result: /usr/bin/grep
configure:8135: checking whether g++ supports C++11 features with -std=c++11
configure:8434: g++ -std=c++11 -c -g -O2  conftest.cpp >&5
configure:8434: $? = 0
configure:8444: result: yes
configure:8565: checking how to print strings
configure:8592: result: printf
configure:8613: checking for a sed that does not truncate output
configure:8683: result: /usr/bin/sed
configure:8701: checking for egrep
configure:8769: result: /usr/bin/grep -E
configure:8774: checking for fgrep
configure:8842: result: /usr/bin/grep -F
configure:8878: checking for ld used by gcc
configure:8946: result: /usr/bin/ld
configure:8953: checking if the linker (/usr/bin/ld) is GNU ld
configure:8969: result: yes
configure:8981: checking for BSD- or MS-compatible name lister (nm)
configure:9036: result: /usr/bin/nm -B
configure:9176: checking the name lister (/usr/bin/nm -B) interface
configure:9184: gcc -c -g -O2  conftest.c >&5
configure:9187: /usr/bin/nm -B "conftest.o"
configure:9190: output
0000000000000000 B some_variable
configure:9197: result: BSD nm
configure:9200: checking whether ln -s works
configure:9204: result: yes
configure:9212: checking the maximum length of command line arguments
configure:9344: result: 1572864
configure:9392: checking how to convert x86_64-pc-linux-gnu file names to x86_64-pc-linux-gnu format
configure:9433: result: func_convert_file_noop
configure:9440: checking how to convert x86_64-pc-linux-gnu file names to toolchain format
configure:9461: result: func_convert_file_noop
configure:9468: checking for /usr/bin/ld option to reload object files
configure:9476: result: -r
configure:9555: checking for objdump
configure:9576: found /usr/bin/objdump
configure:9587: result: objdump
configure:9619: checking how to recognize dependent libraries
configure:9820: result: pass_all
configure:9910: checking for dlltool
configure:9945: result: no
configure:9975: checking how to associate runtime and link libraries
configure:10003: result: printf %s\n
configure:10069: checking for ar
configure:10090: found /usr/bin/ar
configure:10101: result: ar
configure:10138: checking for archiver @FILE support
configure:10156: gcc -c -g -O2  conftest.c >&5
configure:10156: $? = 0
configure:10160: ar cr libconftest.a @conftest.lst >&5
configure:10163: $? = 0
configure:10168: ar cr libconftest.a @conftest.lst >&5
ar: conftest.o: No such file or directory
configure:10171: $? = 1
configure:10183: result: @
configure:10246: checking for strip
configure:10267: found /usr/bin/strip
configure:10278: result: strip
configure:10355: checking for ranlib
configure:10376: found /usr/bin/ranlib
configure:10387: result: ranlib
configure:10489: checking command to parse /usr/bin/nm -B output from gcc object
configure:10643: gcc -c -g -O2  conftest.c >&5
configure:10646: $? = 0
configure:10650: /usr/bin/nm -B conftest.o | sed -n -e 's/^.*[	 ]\([ABCDGIRSTW][ABCDGIRSTW]*\)[	 ][	 ]*\([_A-Za-z][_A-Za-z0-9]*\)$/\1 \2 \2/p' | sed '/ __gnu_lto/d' > conftest.nm
configure:10716: gcc -o conftest -g -O2   conftest.c conftstm.o >&5
configure:10719: $? = 0
configure:10757: result: ok
configure:10804: checking for sysroot
configure:10835: result: no
configure:10842: checking for a working dd
configure:10886: result: /usr/bin/dd
configure:10890: checking how to truncate binary pipes
configure:10906: result: /usr/bin/dd bs=4096 count=1
configure:11043: gcc -c -g -O2  conftest.c >&5
configure:11046: $? = 0
configure:11243: checking for mt
configure:11264: found /usr/bin/mt
configure:11275: result: mt
configure:11298: checking if mt is a manifest tool
configure:11305: mt '-?'
configure:11313: result: no
configure:12043: checking for stdio.h
configure:12043: gcc -c -g -O2  conftest.c >&5
configure:12043: $? = 0
configure:12043: result: yes
configure:12043: checking for stdlib.h
configure:12043: gcc -c -g -O2  conftest.c >&5
configure:12043: $? = 0
configure:12043: result: yes
configure:12043: checking for string.h
configure:12043: gcc -c -g -O2  conftest.c >&5
configure:12043: $? = 0
configure:12043: result: yes
configure:12043: checking for inttypes.h
configure:12043: gcc -c -g -O2  conftest.c >&5
configure:12043: $? = 0
configure:12043: result: yes
configure:12043: checking for stdint.h
configure:12043: gcc -c -g -O2  conftest.c >&5
configure:12043: $? = 0
configure:12043: result: yes
configure:12043: checking for strings.h
configure:12043: gcc -c -g -O2  conftest.c >&5
configure:12043: $? = 0
configure:12043: result: yes
configure:12043: checking for sys/stat.h
configure:12043: gcc -c -g -O2  conftest.c >&5
configure:12043: $? = 0
configure:12043: result: yes
configure:12043: checking for sys/types.h
configure:12043: gcc -c -g -O2  conftest.c >&5
configure:12043: $? = 0
configure:12043: result: yes
configure:12043: checking for unistd.h
configure:12043: gcc -c -g -O2  conftest.c >&5
configure:12043: $? = 0
configure:12043: result: yes
configure:12068: checking for dlfcn.h
configure:12068: gcc -c -g -O2  conftest.c >&5
configure:12068: $? = 0
configure:12068: result: yes
configure:12306: checking for objdir
configure:12322: result: .libs
configure:12586: checking if gcc supports -fno-rtti -fno-exceptions
configure:12605: gcc -c -g -O2  -fno-rtti -fno-exceptions conftest.c >&5
cc1: warning: command-line option '-fno-rtti' is valid for C++/D/ObjC++ but not for C
configure:12609: $? = 0
configure:12622: result: no
configure:12986: checking for gcc option to produce PIC
configure:12994: result: -fPIC -DPIC
configure:13002: checking if gcc PIC flag -fPIC -DPIC works
configure:13021: gcc -c -g -O2  -fPIC -DPIC -DPIC conftest.c >&5
configure:13025: $? = 0
configure:13038: result: yes
configure:13067: checking if gcc static flag -static works
configure:13096: result: yes
configure:13111: checking if gcc supports -c -o file.o
configure:13133: gcc -c -g -O2  -o out/conftest2.o conftest.c >&5
configure:13137: $? = 0
configure:13159: result: yes
configure:13167: checking if gcc supports -c -o file.o
configure:13215: result: yes
configure:13248: checking whether the gcc linker (/usr/bin/ld -m elf_x86_64) supports shared libraries
configure:14518: result: yes
configure:14759: checking dynamic linker characteristics
configure:15341: gcc -o conftest -g -O2   -Wl,-rpath -Wl,/foo conftest.c  >&5
configure:15341: $? = 0
configure:15592: result: GNU/Linux ld.so
configure:15714: checking how to hardcode library paths into programs
configure:15739: result: immediate
configure:16291: checking whether stripping libraries is possible
configure:16296: result: yes
configure:16331: checking if libtool supports shared libraries
configure:16333: result: yes
configure:16336: checking whether to build shared libraries
configure:16361: result: no
configure:16364: checking whether to build static libraries
configure:16368: result: yes
configure:16391: checking how to run the C++ preprocessor
configure:16455: result: g++ -E -std=c++11
configure:16469: g++ -E -std=c++11  conftest.cpp
configure:16469: $? = 0
configure:16484: g++ -E -std=c++11  conftest.cpp
conftest.cpp:24:10: fatal error: ac_nonexistent.h: No such file or directory
   24 | #include <ac_nonexistent.h>
      |          ^~~~~~~~~~~~~~~~~~
compilation terminated.
configure:16484: $? = 1
configure: failed program was:
| /* confdefs.h */
| #define PACKAGE_NAME "isl-interface"
| #define PACKAGE_TARNAME "isl-interface"
| #define PACKAGE_VERSION "0"
| #define PACKAGE_STRING "isl-interface 0"
| #define PACKAGE_BUGREPORT "isl-development@googlegroups.com"
| #define PACKAGE_URL ""
| #define PACKAGE "isl-interface"
| #define VERSION "0"
| #define HAVE_CXX11 1
| #define HAVE_STDIO_H 1
| #define HAVE_STDLIB_H 1
| #define HAVE_STRING_H 1
| #define HAVE_INTTYPES_H 1
| #define HAVE_STDINT_H 1
| #define HAVE_STRINGS_H 1
| #define HAVE_SYS_STAT_H 1
| #define HAVE_SYS_TYPES_H 1
| #define HAVE_UNISTD_H 1
| #define STDC_HEADERS 1
| #define HAVE_DLFCN_H 1
| #define LT_OBJDIR ".libs/"
| /* end confdefs.h.  */
| #include <ac_nonexistent.h>
configure:16649: checking for ld used by g++ -std=c++11
configure:16717: result: /usr/bin/ld -m elf_x86_64
configure:16724: checking if the linker (/usr/bin/ld -m elf_x86_64) is GNU ld
configure:16740: result: yes
configure:16795: checking whether the g++ -std=c++11 linker (/usr/bin/ld -m elf_x86_64) supports shared libraries
configure:17872: result: yes
configure:17908: g++ -std=c++11 -c -g -O2  conftest.cpp >&5
configure:17911: $? = 0
configure:18392: checking for g++ -std=c++11 option to produce PIC
configure:18400: result: -fPIC -DPIC
configure:18408: checking if g++ -std=c++11 PIC flag -fPIC -DPIC works
configure:18427: g++ -std=c++11 -c -g -O2  -fPIC -DPIC -DPIC conftest.cpp >&5
configure:18431: $? = 0
configure:18444: result: yes
configure:18467: checking if g++ -std=c++11 static flag -static works
configure:18496: result: yes
configure:18508: checking if g++ -std=c++11 supports -c -o file.o
configure:18530: g++ -std=c++11 -c -g -O2  -o out/conftest2.o conftest.cpp >&5
configure:18534: $? = 0
configure:18556: result: yes
configure:18561: checking if g++ -std=c++11 supports -c -o file.o
configure:18609: result: yes
configure:18639: checking whether the g++ -std=c++11 linker (/usr/bin/ld -m elf_x86_64) supports shared libraries
configure:18682: result: yes
configure:18824: checking dynamic linker characteristics
configure:19584: result: GNU/Linux ld.so
configure:19649: checking how to hardcode library paths into programs
configure:19674: result: immediate
configure:19742: checking for grep that handles long lines and -e
configure:19806: result: /usr/bin/grep
configure:19811: checking for a sed that does not truncate output
configure:19881: result: /usr/bin/sed
configure:19891: checking for llvm-config
configure:19926: result: /home/users/shravank/libs/llvm-14-meliora/bin/llvm-config
configure:19969: checking whether /disks/large/home/users/shravank/libs/llvm-14-meliora/bin/clang can find standard include files
configure:19983: /disks/large/home/users/shravank/libs/llvm-14-meliora/bin/clang -c -g -O2  conftest.c >&5
configure:19983: $? = 0
configure:19988: result: yes
configure:20083: checking for clang/Basic/SourceLocation.h
configure:20083: g++ -std=c++11 -c -g -O2 -I/disks/large/home/users/shravank/libs/llvm-14-meliora/include -std=c++14   -fno-exceptions -D_GNU_SOURCE -D_DEBUG -D__STDC_CONSTANT_MACROS -D__STDC_FORMAT_MACROS -D__STDC_LIMIT_MACROS -I.  conftest.cpp >&5
configure:20083: $? = 0
configure:20083: result: yes
configure:20091: checking for llvm/TargetParser/Host.h
configure:20091: g++ -std=c++11 -c -g -O2 -I/disks/large/home/users/shravank/libs/llvm-14-meliora/include -std=c++14   -fno-exceptions -D_GNU_SOURCE -D_DEBUG -D__STDC_CONSTANT_MACROS -D__STDC_FORMAT_MACROS -D__STDC_LIMIT_MACROS -I.  conftest.cpp >&5
conftest.cpp:53:10: fatal error: llvm/TargetParser/Host.h: No such file or directory
   53 | #include <llvm/TargetParser/Host.h>
      |          ^~~~~~~~~~~~~~~~~~~~~~~~~~
compilation terminated.
configure:20091: $? = 1
configure: failed program was:
| /* confdefs.h */
| #define PACKAGE_NAME "isl-interface"
| #define PACKAGE_TARNAME "isl-interface"
| #define PACKAGE_VERSION "0"
| #define PACKAGE_STRING "isl-interface 0"
| #define PACKAGE_BUGREPORT "isl-development@googlegroups.com"
| #define PACKAGE_URL ""
| #define PACKAGE "isl-interface"
| #define VERSION "0"
| #define HAVE_CXX11 1
| #define HAVE_STDIO_H 1
| #define HAVE_STDLIB_H 1
| #define HAVE_STRING_H 1
| #define HAVE_INTTYPES_H 1
| #define HAVE_STDINT_H 1
| #define HAVE_STRINGS_H 1
| #define HAVE_SYS_STAT_H 1
| #define HAVE_SYS_TYPES_H 1
| #define HAVE_UNISTD_H 1
| #define STDC_HEADERS 1
| #define HAVE_DLFCN_H 1
| #define LT_OBJDIR ".libs/"
| #define CLANG_PREFIX "/disks/large/home/users/shravank/libs/llvm-14-meliora"
| /* end confdefs.h.  */
| #include <stddef.h>
| #ifdef HAVE_STDIO_H
| # include <stdio.h>
| #endif
| #ifdef HAVE_STDLIB_H
| # include <stdlib.h>
| #endif
| #ifdef HAVE_STRING_H
| # include <string.h>
| #endif
| #ifdef HAVE_INTTYPES_H
| # include <inttypes.h>
| #endif
| #ifdef HAVE_STDINT_H
| # include <stdint.h>
| #endif
| #ifdef HAVE_STRINGS_H
| # include <strings.h>
| #endif
| #ifdef HAVE_SYS_TYPES_H
| # include <sys/types.h>
| #endif
| #ifdef HAVE_SYS_STAT_H
| # include <sys/stat.h>
| #endif
| #ifdef HAVE_UNISTD_H
| # include <unistd.h>
| #endif
| #include <llvm/TargetParser/Host.h>
configure:20091: result: no
In file included from /disks/large/home/users/shravank/libs/llvm-14-meliora/include/clang/Frontend/CompilerInvocation.h:22,
                 from conftest.cpp:26:
/disks/large/home/users/shravank/libs/llvm-14-meliora/include/clang/StaticAnalyzer/Core/AnalyzerOptions.h:451: warning: "PACKAGE" redefined
  451 | #define PACKAGE(FULLNAME) llvm::StringLiteral(FULLNAME),
      | 
conftest.cpp:8: note: this is the location of the previous definition
    8 | #define PACKAGE "isl-interface"
      | 
configure:20239: g++ -std=c++11 -c -g -O2 -I/disks/large/home/users/shravank/libs/llvm-14-meliora/include -std=c++14   -fno-exceptions -D_GNU_SOURCE -D_DEBUG -D__STDC_CONSTANT_MACROS -D__STDC_FORMAT_MACROS -D__STDC_LIMIT_MACROS -I.  conftest.cpp >&5
conftest.cpp: In function 'int main()':
conftest.cpp:34:46: error: no matching function for call to 'clang::driver::Driver::Driver(const char [1], const char [1], const char [1], clang::DiagnosticsEngine&)'
   34 |         new driver::Driver("", "", "", *Diags);
      |                                              ^
In file included from conftest.cpp:27:
/disks/large/home/users/shravank/libs/llvm-14-meliora/include/clang/Driver/Driver.h:317:3: note: candidate: 'clang::driver::Driver::Driver(llvm::StringRef, llvm::StringRef, clang::DiagnosticsEngine&, std::string, llvm::IntrusiveRefCntPtr<llvm::vfs::FileSystem>)'
  317 |   Driver(StringRef ClangExecutable, StringRef TargetTriple,
      |   ^~~~~~
/disks/large/home/users/shravank/libs/llvm-14-meliora/include/clang/Driver/Driver.h:318:29: note:   no known conversion for argument 3 from 'const char [1]' to 'clang::DiagnosticsEngine&'
  318 |          DiagnosticsEngine &Diags, std::string Title = "clang LLVM compiler",
      |          ~~~~~~~~~~~~~~~~~~~^~~~~
/disks/large/home/users/shravank/libs/llvm-14-meliora/include/clang/Driver/Driver.h:61:7: note: candidate: 'clang::driver::Driver::Driver(clang::driver::Driver&&)'
   61 | class Driver {
      |       ^~~~~~
/disks/large/home/users/shravank/libs/llvm-14-meliora/include/clang/Driver/Driver.h:61:7: note:   candidate expects 1 argument, 4 provided
configure:20239: $? = 1
configure: failed program was:
| /* confdefs.h */
| #define PACKAGE_NAME "isl-interface"
| #define PACKAGE_TARNAME "isl-interface"
| #define PACKAGE_VERSION "0"
| #define PACKAGE_STRING "isl-interface 0"
| #define PACKAGE_BUGREPORT "isl-development@googlegroups.com"
| #define PACKAGE_URL ""
| #define PACKAGE "isl-interface"
| #define VERSION "0"
| #define HAVE_CXX11 1
| #define HAVE_STDIO_H 1
| #define HAVE_STDLIB_H 1
| #define HAVE_STRING_H 1
| #define HAVE_INTTYPES_H 1
| #define HAVE_STDINT_H 1
| #define HAVE_STRINGS_H 1
| #define HAVE_SYS_STAT_H 1
| #define HAVE_SYS_TYPES_H 1
| #define HAVE_UNISTD_H 1
| #define STDC_HEADERS 1
| #define HAVE_DLFCN_H 1
| #define LT_OBJDIR ".libs/"
| #define CLANG_PREFIX "/disks/large/home/users/shravank/libs/llvm-14-meliora"
| #define USE_ARRAYREF /**/
| #define CREATE_FROM_ARGS_TAKES_ARRAYREF /**/
| /* end confdefs.h.  */
| #include <clang/Driver/Driver.h>
| int
| main (void)
| {
| 
| 	using namespace clang;
| 	DiagnosticsEngine *Diags;
| 	new driver::Driver("", "", "", *Diags);
| 
|   ;
|   return 0;
| }
configure:20270: checking for clang/Basic/DiagnosticOptions.h
configure:20270: g++ -std=c++11 -c -g -O2 -I/disks/large/home/users/shravank/libs/llvm-14-meliora/include -std=c++14   -fno-exceptions -D_GNU_SOURCE -D_DEBUG -D__STDC_CONSTANT_MACROS -D__STDC_FORMAT_MACROS -D__STDC_LIMIT_MACROS -I.  conftest.cpp >&5
configure:20270: $? = 0
configure:20270: result: yes
configure:20278: checking for clang/Lex/PreprocessorOptions.h
configure:20278: g++ -std=c++11 -c -g -O2 -I/disks/large/home/users/shravank/libs/llvm-14-meliora/include -std=c++14   -fno-exceptions -D_GNU_SOURCE -D_DEBUG -D__STDC_CONSTANT_MACROS -D__STDC_FORMAT_MACROS -D__STDC_LIMIT_MACROS -I.  conftest.cpp >&5
configure:20278: $? = 0
configure:20278: result: yes
configure:20303: g++ -std=c++11 -c -g -O2 -I/disks/large/home/users/shravank/libs/llvm-14-meliora/include -std=c++14   -fno-exceptions -D_GNU_SOURCE -D_DEBUG -D__STDC_CONSTANT_MACROS -D__STDC_FORMAT_MACROS -D__STDC_LIMIT_MACROS -I.  conftest.cpp >&5
configure:20303: $? = 0
configure:20326: g++ -std=c++11 -c -g -O2 -I/disks/large/home/users/shravank/libs/llvm-14-meliora/include -std=c++14   -fno-exceptions -D_GNU_SOURCE -D_DEBUG -D__STDC_CONSTANT_MACROS -D__STDC_FORMAT_MACROS -D__STDC_LIMIT_MACROS -I.  conftest.cpp >&5
conftest.cpp: In function 'int main()':
conftest.cpp:40:46: error: cannot convert 'clang::TargetOptions*' to 'const std::shared_ptr<clang::TargetOptions>&'
   40 |         TargetInfo::CreateTargetInfo(*Diags, TO);
      |                                              ^~
      |                                              |
      |                                              clang::TargetOptions*
In file included from conftest.cpp:32:
/disks/large/home/users/shravank/libs/llvm-14-meliora/include/clang/Basic/TargetInfo.h:253:58: note:   initializing argument 2 of 'static clang::TargetInfo* clang::TargetInfo::CreateTargetInfo(clang::DiagnosticsEngine&, const std::shared_ptr<clang::TargetOptions>&)'
  253 |                    const std::shared_ptr<TargetOptions> &Opts);
      |                    ~~~~~~~~~~~~~~~~~~~~~~~~~~~~~~~~~~~~~~^~~~
configure:20326: $? = 1
configure: failed program was:
| /* confdefs.h */
| #define PACKAGE_NAME "isl-interface"
| #define PACKAGE_TARNAME "isl-interface"
| #define PACKAGE_VERSION "0"
| #define PACKAGE_STRING "isl-interface 0"
| #define PACKAGE_BUGREPORT "isl-development@googlegroups.com"
| #define PACKAGE_URL ""
| #define PACKAGE "isl-interface"
| #define VERSION "0"
| #define HAVE_CXX11 1
| #define HAVE_STDIO_H 1
| #define HAVE_STDLIB_H 1
| #define HAVE_STRING_H 1
| #define HAVE_INTTYPES_H 1
| #define HAVE_STDINT_H 1
| #define HAVE_STRINGS_H 1
| #define HAVE_SYS_STAT_H 1
| #define HAVE_SYS_TYPES_H 1
| #define HAVE_UNISTD_H 1
| #define STDC_HEADERS 1
| #define HAVE_DLFCN_H 1
| #define LT_OBJDIR ".libs/"
| #define CLANG_PREFIX "/disks/large/home/users/shravank/libs/llvm-14-meliora"
| #define USE_ARRAYREF /**/
| #define CREATE_FROM_ARGS_TAKES_ARRAYREF /**/
| #define HandleTopLevelDeclReturn bool
| #define HandleTopLevelDeclContinue true
| #define HAVE_BASIC_DIAGNOSTICOPTIONS_H /**/
| #define HAVE_LEX_PREPROCESSOROPTIONS_H /**/
| #define CREATETARGETINFO_TAKES_SHARED_PTR /**/
| /* end confdefs.h.  */
| #include <clang/Basic/TargetInfo.h>
| int
| main (void)
| {
| 
| 	using namespace clang;
| 	TargetOptions *TO;
| 	DiagnosticsEngine *Diags;
| 	TargetInfo::CreateTargetInfo(*Diags, TO);
| 
|   ;
|   return 0;
| }
configure:20349: g++ -std=c++11 -c -g -O2 -I/disks/large/home/users/shravank/libs/llvm-14-meliora/include -std=c++14   -fno-exceptions -D_GNU_SOURCE -D_DEBUG -D__STDC_CONSTANT_MACROS -D__STDC_FORMAT_MACROS -D__STDC_LIMIT_MACROS -I.  conftest.cpp >&5
In file included from /disks/large/home/users/shravank/libs/llvm-14-meliora/include/clang/Frontend/CompilerInvocation.h:22,
                 from /disks/large/home/users/shravank/libs/llvm-14-meliora/include/clang/Frontend/CompilerInstance.h:15,
                 from conftest.cpp:32:
/disks/large/home/users/shravank/libs/llvm-14-meliora/include/clang/StaticAnalyzer/Core/AnalyzerOptions.h:451: warning: "PACKAGE" redefined
  451 | #define PACKAGE(FULLNAME) llvm::StringLiteral(FULLNAME),
      | 
conftest.cpp:8: note: this is the location of the previous definition
    8 | #define PACKAGE "isl-interface"
      | 
configure:20349: $? = 0
configure:20373: g++ -std=c++11 -c -g -O2 -I/disks/large/home/users/shravank/libs/llvm-14-meliora/include -std=c++14   -fno-exceptions -D_GNU_SOURCE -D_DEBUG -D__STDC_CONSTANT_MACROS -D__STDC_FORMAT_MACROS -D__STDC_LIMIT_MACROS -I.  conftest.cpp >&5
configure:20373: $? = 0
configure:20428: g++ -std=c++11 -c -g -O2 -I/disks/large/home/users/shravank/libs/llvm-14-meliora/include -std=c++14   -fno-exceptions -D_GNU_SOURCE -D_DEBUG -D__STDC_CONSTANT_MACROS -D__STDC_FORMAT_MACROS -D__STDC_LIMIT_MACROS -I.  conftest.cpp >&5
In file included from /disks/large/home/users/shravank/libs/llvm-14-meliora/include/clang/Frontend/CompilerInvocation.h:22,
                 from /disks/large/home/users/shravank/libs/llvm-14-meliora/include/clang/Frontend/CompilerInstance.h:15,
                 from conftest.cpp:35:
/disks/large/home/users/shravank/libs/llvm-14-meliora/include/clang/StaticAnalyzer/Core/AnalyzerOptions.h:451: warning: "PACKAGE" redefined
  451 | #define PACKAGE(FULLNAME) llvm::StringLiteral(FULLNAME),
      | 
conftest.cpp:8: note: this is the location of the previous definition
    8 | #define PACKAGE "isl-interface"
      | 
configure:20428: $? = 0
configure:20449: checking for llvm/ADT/OwningPtr.h
configure:20449: g++ -std=c++11 -c -g -O2 -I/disks/large/home/users/shravank/libs/llvm-14-meliora/include -std=c++14   -fno-exceptions -D_GNU_SOURCE -D_DEBUG -D__STDC_CONSTANT_MACROS -D__STDC_FORMAT_MACROS -D__STDC_LIMIT_MACROS -I.  conftest.cpp >&5
configure:20449: $? = 0
configure:20449: result: yes
configure:20483: checking for clang/Basic/LangStandard.h
configure:20483: g++ -std=c++11 -c -g -O2 -I/disks/large/home/users/shravank/libs/llvm-14-meliora/include -std=c++14   -fno-exceptions -D_GNU_SOURCE -D_DEBUG -D__STDC_CONSTANT_MACROS -D__STDC_FORMAT_MACROS -D__STDC_LIMIT_MACROS -I.  conftest.cpp >&5
configure:20483: $? = 0
configure:20483: result: yes
configure:20542: g++ -std=c++11 -c -g -O2 -I/disks/large/home/users/shravank/libs/llvm-14-meliora/include -std=c++14   -fno-exceptions -D_GNU_SOURCE -D_DEBUG -D__STDC_CONSTANT_MACROS -D__STDC_FORMAT_MACROS -D__STDC_LIMIT_MACROS -I.  conftest.cpp >&5
In file included from /disks/large/home/users/shravank/libs/llvm-14-meliora/include/clang/Frontend/CompilerInvocation.h:22,
                 from /disks/large/home/users/shravank/libs/llvm-14-meliora/include/clang/Frontend/CompilerInstance.h:15,
                 from conftest.cpp:43:
/disks/large/home/users/shravank/libs/llvm-14-meliora/include/clang/StaticAnalyzer/Core/AnalyzerOptions.h:451: warning: "PACKAGE" redefined
  451 | #define PACKAGE(FULLNAME) llvm::StringLiteral(FULLNAME),
      | 
conftest.cpp:8: note: this is the location of the previous definition
    8 | #define PACKAGE "isl-interface"
      | 
configure:20542: $? = 0
configure:20568: g++ -std=c++11 -c -g -O2 -I/disks/large/home/users/shravank/libs/llvm-14-meliora/include -std=c++14   -fno-exceptions -D_GNU_SOURCE -D_DEBUG -D__STDC_CONSTANT_MACROS -D__STDC_FORMAT_MACROS -D__STDC_LIMIT_MACROS -I.  conftest.cpp >&5
In file included from /disks/large/home/users/shravank/libs/llvm-14-meliora/include/clang/Frontend/CompilerInvocation.h:22,
                 from /disks/large/home/users/shravank/libs/llvm-14-meliora/include/clang/Frontend/CompilerInstance.h:15,
                 from conftest.cpp:42:
/disks/large/home/users/shravank/libs/llvm-14-meliora/include/clang/StaticAnalyzer/Core/AnalyzerOptions.h:451: warning: "PACKAGE" redefined
  451 | #define PACKAGE(FULLNAME) llvm::StringLiteral(FULLNAME),
      | 
conftest.cpp:8: note: this is the location of the previous definition
    8 | #define PACKAGE "isl-interface"
      | 
configure:20568: $? = 0
configure:20575: checking for llvm/Option/Arg.h
configure:20575: g++ -std=c++11 -c -g -O2 -I/disks/large/home/users/shravank/libs/llvm-14-meliora/include -std=c++14   -fno-exceptions -D_GNU_SOURCE -D_DEBUG -D__STDC_CONSTANT_MACROS -D__STDC_FORMAT_MACROS -D__STDC_LIMIT_MACROS -I.  conftest.cpp >&5
configure:20575: $? = 0
configure:20575: result: yes
configure:20591: checking for main in -lclang-cpp
configure:20613: g++ -std=c++11 -o conftest -g -O2 -I/disks/large/home/users/shravank/libs/llvm-14-meliora/include -std=c++14   -fno-exceptions -D_GNU_SOURCE -D_DEBUG -D__STDC_CONSTANT_MACROS -D__STDC_FORMAT_MACROS -D__STDC_LIMIT_MACROS -I.  -L/disks/large/home/users/shravank/libs/llvm-14-meliora/lib   conftest.cpp -lclang-cpp   >&5
configure:20613: $? = 0
configure:20623: result: yes
configure:20639: checking whether libclang-cpp needs LLVM libraries
configure:20655: g++ -std=c++11 -o conftest -g -O2 -I/disks/large/home/users/shravank/libs/llvm-14-meliora/include -std=c++14   -fno-exceptions -D_GNU_SOURCE -D_DEBUG -D__STDC_CONSTANT_MACROS -D__STDC_FORMAT_MACROS -D__STDC_LIMIT_MACROS -I.  -L/disks/large/home/users/shravank/libs/llvm-14-meliora/lib   conftest.cpp -lclang-cpp  >&5
In file included from /disks/large/home/users/shravank/libs/llvm-14-meliora/include/clang/Frontend/CompilerInvocation.h:22,
                 from /disks/large/home/users/shravank/libs/llvm-14-meliora/include/clang/Frontend/CompilerInstance.h:15,
                 from conftest.cpp:43:
/disks/large/home/users/shravank/libs/llvm-14-meliora/include/clang/StaticAnalyzer/Core/AnalyzerOptions.h:451: warning: "PACKAGE" redefined
  451 | #define PACKAGE(FULLNAME) llvm::StringLiteral(FULLNAME),
      | 
conftest.cpp:8: note: this is the location of the previous definition
    8 | #define PACKAGE "isl-interface"
      | 
configure:20655: $? = 0
configure:20686: result: no
configure:20868: checking that generated files are newer than configure
configure:20874: result: done
configure:20909: creating ./config.status

## ---------------------- ##
## Running config.status. ##
## ---------------------- ##

This file was extended by isl-interface config.status 0, which was
generated by GNU Autoconf 2.71.  Invocation command line was

  CONFIG_FILES    = 
  CONFIG_HEADERS  = 
  CONFIG_LINKS    = 
  CONFIG_COMMANDS = 
  $ ./config.status 

on arya

config.status:1186: creating Makefile
config.status:1186: creating isl_config.h
config.status:1415: executing depfiles commands
config.status:1492: cd .       && sed -e '/# am--include-marker/d' Makefile         | make -f - am--depfiles
config.status:1497: $? = 0
config.status:1415: executing libtool commands

## ---------------- ##
## Cache variables. ##
## ---------------- ##

ac_cv_build=x86_64-pc-linux-gnu
ac_cv_build_objext=o
ac_cv_build_prog_CPP='gcc -E'
ac_cv_build_prog_CXXCPP='g++ -E'
ac_cv_build_prog_cc_c11=
ac_cv_build_prog_cc_g=yes
ac_cv_build_prog_cxx_g=yes
ac_cv_c_compiler_gnu=yes
ac_cv_cxx_compiler_gnu=yes
ac_cv_env_CCC_set=
ac_cv_env_CCC_value=
ac_cv_env_CC_set=
ac_cv_env_CC_value=
ac_cv_env_CFLAGS_set=
ac_cv_env_CFLAGS_value=
ac_cv_env_CPPFLAGS_set=
ac_cv_env_CPPFLAGS_value=
ac_cv_env_CPP_set=
ac_cv_env_CPP_value=
ac_cv_env_CXXCPP_set=
ac_cv_env_CXXCPP_value=
ac_cv_env_CXXFLAGS_set=
ac_cv_env_CXXFLAGS_value=
ac_cv_env_CXX_set=
ac_cv_env_CXX_value=
ac_cv_env_LDFLAGS_set=
ac_cv_env_LDFLAGS_value=
ac_cv_env_LIBS_set=
ac_cv_env_LIBS_value=
ac_cv_env_LT_SYS_LIBRARY_PATH_set=
ac_cv_env_LT_SYS_LIBRARY_PATH_value=
ac_cv_env_build_alias_set=
ac_cv_env_build_alias_value=
ac_cv_env_host_alias_set=
ac_cv_env_host_alias_value=
ac_cv_env_target_alias_set=
ac_cv_env_target_alias_value=
ac_cv_header_clang_Basic_DiagnosticOptions_h=yes
ac_cv_header_clang_Basic_LangStandard_h=yes
ac_cv_header_clang_Basic_SourceLocation_h=yes
ac_cv_header_clang_Lex_PreprocessorOptions_h=yes
ac_cv_header_dlfcn_h=yes
ac_cv_header_inttypes_h=yes
ac_cv_header_llvm_ADT_OwningPtr_h=yes
ac_cv_header_llvm_Option_Arg_h=yes
ac_cv_header_llvm_TargetParser_Host_h=no
ac_cv_header_stdint_h=yes
ac_cv_header_stdio_h=yes
ac_cv_header_stdlib_h=yes
ac_cv_header_string_h=yes
ac_cv_header_strings_h=yes
ac_cv_header_sys_stat_h=yes
ac_cv_header_sys_types_h=yes
ac_cv_header_unistd_h=yes
ac_cv_host=x86_64-pc-linux-gnu
ac_cv_lib_clang_cpp_main=yes
ac_cv_objext=o
ac_cv_path_EGREP='/usr/bin/grep -E'
ac_cv_path_FGREP='/usr/bin/grep -F'
ac_cv_path_GREP=/usr/bin/grep
ac_cv_path_LLVM_CONFIG=/home/users/shravank/libs/llvm-14-meliora/bin/llvm-config
ac_cv_path_SED=/usr/bin/sed
ac_cv_path_install='/usr/bin/install -c'
ac_cv_path_lt_DD=/usr/bin/dd
ac_cv_path_mkdir=/usr/bin/mkdir
ac_cv_prog_AWK=gawk
ac_cv_prog_CPP='gcc -E'
ac_cv_prog_CXXCPP='g++ -E -std=c++11'
ac_cv_prog_ac_ct_AR=ar
ac_cv_prog_ac_ct_CC=gcc
ac_cv_prog_ac_ct_CC_FOR_BUILD=gcc
ac_cv_prog_ac_ct_CXX=g++
ac_cv_prog_ac_ct_CXX_FOR_BUILD=g++
ac_cv_prog_ac_ct_MANIFEST_TOOL=mt
ac_cv_prog_ac_ct_OBJDUMP=objdump
ac_cv_prog_ac_ct_RANLIB=ranlib
ac_cv_prog_ac_ct_STRIP=strip
ac_cv_prog_cc_c11=
ac_cv_prog_cc_g=yes
ac_cv_prog_cc_stdc=
ac_cv_prog_cxx_11=no
ac_cv_prog_cxx_cxx11=
ac_cv_prog_cxx_g=yes
ac_cv_prog_cxx_stdcxx=
ac_cv_prog_make_make_set=yes
am_cv_CC_dependencies_compiler_type=gcc3
am_cv_CXX_dependencies_compiler_type=gcc3
am_cv_build_CC_dependencies_compiler_type=gcc3
am_cv_build_prog_cc_c_o=yes
am_cv_make_support_nested_variables=yes
am_cv_prog_cc_c_o=yes
ax_cv_cxx_compile_cxx11__std_cpp11=yes
lt_cv_ar_at_file=@
lt_cv_deplibs_check_method=pass_all
lt_cv_file_magic_cmd='$MAGIC_CMD'
lt_cv_file_magic_test_file=
lt_cv_ld_reload_flag=-r
lt_cv_nm_interface='BSD nm'
lt_cv_objdir=.libs
lt_cv_path_LD=/usr/bin/ld
lt_cv_path_LDCXX='/usr/bin/ld -m elf_x86_64'
lt_cv_path_NM='/usr/bin/nm -B'
lt_cv_path_mainfest_tool=no
lt_cv_prog_compiler_c_o=yes
lt_cv_prog_compiler_c_o_CXX=yes
lt_cv_prog_compiler_pic='-fPIC -DPIC'
lt_cv_prog_compiler_pic_CXX='-fPIC -DPIC'
lt_cv_prog_compiler_pic_works=yes
lt_cv_prog_compiler_pic_works_CXX=yes
lt_cv_prog_compiler_rtti_exceptions=no
lt_cv_prog_compiler_static_works=yes
lt_cv_prog_compiler_static_works_CXX=yes
lt_cv_prog_gnu_ld=yes
lt_cv_prog_gnu_ldcxx=yes
lt_cv_sharedlib_from_linklib_cmd='printf %s\n'
lt_cv_shlibpath_overrides_runpath=yes
lt_cv_sys_global_symbol_pipe='sed -n -e '\''s/^.*[	 ]\([ABCDGIRSTW][ABCDGIRSTW]*\)[	 ][	 ]*\([_A-Za-z][_A-Za-z0-9]*\)$/\1 \2 \2/p'\'' | sed '\''/ __gnu_lto/d'\'''
lt_cv_sys_global_symbol_to_c_name_address='sed -n -e '\''s/^: \(.*\) .*$/  {"\1", (void *) 0},/p'\'' -e '\''s/^[ABCDGIRSTW][ABCDGIRSTW]* .* \(.*\)$/  {"\1", (void *) \&\1},/p'\'''
lt_cv_sys_global_symbol_to_c_name_address_lib_prefix='sed -n -e '\''s/^: \(.*\) .*$/  {"\1", (void *) 0},/p'\'' -e '\''s/^[ABCDGIRSTW][ABCDGIRSTW]* .* \(lib.*\)$/  {"\1", (void *) \&\1},/p'\'' -e '\''s/^[ABCDGIRSTW][ABCDGIRSTW]* .* \(.*\)$/  {"lib\1", (void *) \&\1},/p'\'''
lt_cv_sys_global_symbol_to_cdecl='sed -n -e '\''s/^T .* \(.*\)$/extern int \1();/p'\'' -e '\''s/^[ABCDGIRSTW][ABCDGIRSTW]* .* \(.*\)$/extern char \1;/p'\'''
lt_cv_sys_global_symbol_to_import=
lt_cv_sys_max_cmd_len=1572864
lt_cv_to_host_file_cmd=func_convert_file_noop
lt_cv_to_tool_file_cmd=func_convert_file_noop
lt_cv_truncate_bin='/usr/bin/dd bs=4096 count=1'

## ----------------- ##
## Output variables. ##
## ----------------- ##

ACLOCAL='${SHELL} '\''/home/users/shravank/projects/meliora2/Meliora/isl/isl_from_src/isl-0.26/interface/missing'\'' aclocal-1.16'
AMDEPBACKSLASH='\'
AMDEP_FALSE='#'
AMDEP_TRUE=''
AMTAR='$${TAR-tar}'
AM_BACKSLASH='\'
AM_DEFAULT_V='$(AM_DEFAULT_VERBOSITY)'
AM_DEFAULT_VERBOSITY='0'
AM_V='$(V)'
AR='ar'
AUTOCONF='${SHELL} '\''/home/users/shravank/projects/meliora2/Meliora/isl/isl_from_src/isl-0.26/interface/missing'\'' autoconf'
AUTOHEADER='${SHELL} '\''/home/users/shravank/projects/meliora2/Meliora/isl/isl_from_src/isl-0.26/interface/missing'\'' autoheader'
AUTOMAKE='${SHELL} '\''/home/users/shravank/projects/meliora2/Meliora/isl/isl_from_src/isl-0.26/interface/missing'\'' automake-1.16'
AWK='gawk'
BUILD_EXEEXT=''
BUILD_OBJEXT='o'
CC='gcc'
CCDEPMODE='depmode=gcc3'
CCDEPMODE_FOR_BUILD='depmode=gcc3'
CC_FOR_BUILD='gcc'
CFLAGS='-g -O2'
CFLAGS_FOR_BUILD='-g -O2'
CLANG_CXXFLAGS='-I/disks/large/home/users/shravank/libs/llvm-14-meliora/include -std=c++14   -fno-exceptions -D_GNU_SOURCE -D_DEBUG -D__STDC_CONSTANT_MACROS -D__STDC_FORMAT_MACROS -D__STDC_LIMIT_MACROS'
CLANG_LDFLAGS='-L/disks/large/home/users/shravank/libs/llvm-14-meliora/lib '
CLANG_LIBS='-lclang-cpp'
CLANG_RFLAG='-R/disks/large/home/users/shravank/libs/llvm-14-meliora/lib '
CONFIG_STATUS_DEPENDENCIES='/home/users/shravank/libs/llvm-14-meliora/bin/llvm-config'
CPP='gcc -E'
CPPFLAGS=''
CPPFLAGS_FOR_BUILD=''
CPP_FOR_BUILD='gcc -E'
CSCOPE='cscope'
CTAGS='ctags'
CXX='g++ -std=c++11'
CXXCPP='g++ -E -std=c++11'
CXXCPPFLAGS_FOR_BUILD=''
CXXCPP_FOR_BUILD='g++ -E'
CXXDEPMODE='depmode=gcc3'
CXXFLAGS='-g -O2'
CXXFLAGS_FOR_BUILD='-g -O2'
CXX_FOR_BUILD='g++'
CYGPATH_W='echo'
DEFS='-DHAVE_CONFIG_H'
DEPDIR='.deps'
DLLTOOL='false'
DSYMUTIL=''
DUMPBIN=''
ECHO_C=''
ECHO_N='-n'
ECHO_T=''
EGREP='/usr/bin/grep -E'
ETAGS='etags'
EXEEXT=''
FGREP='/usr/bin/grep -F'
GREP='/usr/bin/grep'
HAVE_CXX11='1'
INSTALL_DATA='${INSTALL} -m 644'
INSTALL_PROGRAM='${INSTALL}'
INSTALL_SCRIPT='${INSTALL}'
INSTALL_STRIP_PROGRAM='$(install_sh) -c -s'
LD='/usr/bin/ld -m elf_x86_64'
LDFLAGS=''
LDFLAGS_FOR_BUILD=''
LIBOBJS=''
LIBS=''
LIBTOOL='$(SHELL) $(top_builddir)/libtool'
LIPO=''
LLVM_CONFIG='/home/users/shravank/libs/llvm-14-meliora/bin/llvm-config'
LN_S='ln -s'
LTLIBOBJS=''
LT_SYS_LIBRARY_PATH=''
MAKEINFO='${SHELL} '\''/home/users/shravank/projects/meliora2/Meliora/isl/isl_from_src/isl-0.26/interface/missing'\'' makeinfo'
MANIFEST_TOOL=':'
MKDIR_P='/usr/bin/mkdir -p'
NM='/usr/bin/nm -B'
NMEDIT=''
OBJDUMP='objdump'
OBJEXT='o'
OTOOL64=''
OTOOL=''
PACKAGE='isl-interface'
PACKAGE_BUGREPORT='isl-development@googlegroups.com'
PACKAGE_NAME='isl-interface'
PACKAGE_STRING='isl-interface 0'
PACKAGE_TARNAME='isl-interface'
PACKAGE_URL=''
PACKAGE_VERSION='0'
PATH_SEPARATOR=':'
RANLIB='ranlib'
SED='/usr/bin/sed'
SET_MAKE=''
SHELL='/bin/bash'
STRIP='strip'
VERSION='0'
XCODE_SELECT=''
ac_ct_AR='ar'
ac_ct_CC='gcc'
ac_ct_CC_FOR_BUILD='gcc'
ac_ct_CXX='g++'
ac_ct_CXX_FOR_BUILD='g++'
ac_ct_DUMPBIN=''
am__EXEEXT_FALSE=''
am__EXEEXT_TRUE='#'
am__fastdepCC_FALSE='#'
am__fastdepCC_TRUE=''
am__fastdepCXX_FALSE='#'
am__fastdepCXX_TRUE=''
am__include='include'
am__isrc=''
am__leading_dot='.'
am__nodep='_no'
am__quote=''
am__tar='$${TAR-tar} chof - "$$tardir"'
am__untar='$${TAR-tar} xf -'
bindir='${exec_prefix}/bin'
build='x86_64-pc-linux-gnu'
build_alias=''
build_cpu='x86_64'
build_os='linux-gnu'
build_vendor='pc'
datadir='${datarootdir}'
datarootdir='${prefix}/share'
docdir='${datarootdir}/doc/${PACKAGE_TARNAME}'
dvidir='${docdir}'
exec_prefix='${prefix}'
host='x86_64-pc-linux-gnu'
host_alias=''
host_cpu='x86_64'
host_os='linux-gnu'
host_vendor='pc'
htmldir='${docdir}'
includedir='${prefix}/include'
infodir='${datarootdir}/info'
install_sh='${SHELL} /home/users/shravank/projects/meliora2/Meliora/isl/isl_from_src/isl-0.26/interface/install-sh'
libdir='${exec_prefix}/lib'
libexecdir='${exec_prefix}/libexec'
localedir='${datarootdir}/locale'
localstatedir='${prefix}/var'
mandir='${datarootdir}/man'
mkdir_p='$(MKDIR_P)'
oldincludedir='/usr/include'
pdfdir='${docdir}'
prefix='/home/users/shravank/projects/meliora2/Meliora/isl/isl_from_src/install'
program_transform_name='s,x,x,'
psdir='${docdir}'
runstatedir='${localstatedir}/run'
sbindir='${exec_prefix}/sbin'
sharedstatedir='${prefix}/com'
sysconfdir='${prefix}/etc'
target_alias=''

## ----------- ##
## confdefs.h. ##
## ----------- ##

/* confdefs.h */
#define PACKAGE_NAME "isl-interface"
#define PACKAGE_TARNAME "isl-interface"
#define PACKAGE_VERSION "0"
#define PACKAGE_STRING "isl-interface 0"
#define PACKAGE_BUGREPORT "isl-development@googlegroups.com"
#define PACKAGE_URL ""
#define PACKAGE "isl-interface"
#define VERSION "0"
#define HAVE_CXX11 1
#define HAVE_STDIO_H 1
#define HAVE_STDLIB_H 1
#define HAVE_STRING_H 1
#define HAVE_INTTYPES_H 1
#define HAVE_STDINT_H 1
#define HAVE_STRINGS_H 1
#define HAVE_SYS_STAT_H 1
#define HAVE_SYS_TYPES_H 1
#define HAVE_UNISTD_H 1
#define STDC_HEADERS 1
#define HAVE_DLFCN_H 1
#define LT_OBJDIR ".libs/"
#define CLANG_PREFIX "/disks/large/home/users/shravank/libs/llvm-14-meliora"
#define USE_ARRAYREF /**/
#define CREATE_FROM_ARGS_TAKES_ARRAYREF /**/
#define HandleTopLevelDeclReturn bool
#define HandleTopLevelDeclContinue true
#define HAVE_BASIC_DIAGNOSTICOPTIONS_H /**/
#define HAVE_LEX_PREPROCESSOROPTIONS_H /**/
#define CREATETARGETINFO_TAKES_SHARED_PTR /**/
#define ADDPATH_TAKES_4_ARGUMENTS /**/
#define getNumArgs getNumParams
#define getArgType getParamType
#define CREATEPREPROCESSOR_TAKES_TUKIND /**/
#define HAVE_SETMAINFILEID /**/
#define HAVE_ADT_OWNINGPTR_H /**/
#define IK_C Language::C
#define SETLANGDEFAULTS CompilerInvocation
#define SETLANGDEFAULTS_TAKES_5_ARGUMENTS /**/
#define SETINVOCATION_TAKES_SHARED_PTR /**/
#define HAVE_LLVM_OPTION_ARG_H /**/

configure: exit 0
